{p_dump_start = 31720, l_dump_start = 31723, l_dump_end = 41815, l_delta = 10092,  CTS_pin = 0x4, IRQN_pin = 0x10, SDN_pin = 0x0, CSN_pin = 0x80, ta0ccr3 = 0x0, ta0cctl3 = 0x0, part_info = {chiprev = 0x11, part_15 = 0x44, part_7 = 0x63, pbuild = 0x0, id_15 = 0x0, id_7 = 0xf, customer = 0x0, romid = 0x3},
 func_info = {revext = 0x3, revbranch = 0x0, revint = 0xf, reserved0 = 0x0, reserved1 = 0x0, func = 0x1},
 gpio_cfg = {gpio0 = 0x2, gpio1 = 0x8, gpio2 = 0x21, gpio3 = 0x20, nirq = 0xa7, sdo = 0xb, gen_config = 0x0},
 rxfifocnt = 0x0, txfifofree = 0x40, ph_status = {pend = 0x0, status = 0x2},
 modem_status = {pend = 0x0, status = 0x0, curr_rssi = 0x4, latched_rssi = 0x0, ant1_rssi = 0x0, ant2_rssi = 0x0, afc_freq_offset15 = 0x82, afc_freq_offset7 = 0x15},
 chip_status = {pend = 0x0, status = 0x14, cmd_err_status = 0x0, cmd_err_cmd_id = 0x0},
 int_state = {pend = 0x0, status = 0x0, ph_pend = 0x0, ph_status = 0x2, modem_pend = 0x0, modem_status = 0x0, chip_pend = 0x0, chip_status = 0x14},
 device_state = 0x3, channel = 0x0, frr = {0x3, 0x0, 0x0, 0x0},
 packet_info_len = {0x0, 0x0},
 gr00_global = {0x52, 0x0, 0x18, 0x60, 0x0, 0x0, 0x1, 0x60, 0x0, 0x0},
 gr01_int = {0x3, 0xff, 0xff, 0xff},
 gr02_frr = {0x9, 0x4, 0x6, 0xa},
 gr10_preamble = {0x18, 0x14, 0x0, 0xf, 0x21, 0x0, 0x0, 0x0, 0x0, 0x0, 0x0, 0x0, 0x0, 0x0},
 gr11_sync = {0x1, 0xb4, 0x2b, 0x0, 0x0},
 gr12_pkt = {0x85, 0x1, 0x8, 0xff, 0xff, 0x0, 0x82, 0x0, 0x2a, 0x1, 0x0, 0x30, 0x30, 0x0, 0x1, 0x4, 0xa2, 0x0, 0x0},
 gr12a_pkt = {0x0, 0x1, 0x4, 0x82, 0x0, 0x81, 0x0, 0xa, 0x0, 0x0},
 gr20_modem = {0x3, 0x0, 0x7, 0xf, 0x42, 0x40, 0x9, 0xc9, 0xc3, 0x80, 0x0, 0x1b, 0x4f, 0x0, 0x0, 0x67, 0x60, 0x4d, 0x36, 0x21, 0x11, 0x8, 0x3, 0x1, 0x1, 0x80, 0x8, 0x3, 0x80, 0x0, 0x0, 0x10, 0x0, 0x0, 0x0, 0xc8, 0x2, 0x8f, 0x5c, 0x1, 0x48, 0x2, 0xc2, 0x0, 0x4, 0x36, 0x80, 0x92, 0xa, 0x46, 0x80, 0x0, 0x0, 0xe2, 0x0, 0x0, 0x11, 0x2c, 0x2c, 0x0, 0x1a, 0xff, 0xff, 0x0, 0x29, 0xc, 0xa4, 0x2, 0xd6, 0x83, 0x1, 0x7f, 0x1, 0x80, 0x20, 0xc, 0x25, 0x0, 0x40, 0x3, 0x0, 0xa},
 gr21_modem = {0xff, 0xc4, 0x30, 0x7f, 0xf5, 0xb5, 0xb8, 0xde, 0x5, 0x17, 0x16, 0xc, 0x3, 0x0, 0x15, 0xff, 0x0, 0x0, 0xff, 0xc4, 0x30, 0x7f, 0xf5, 0xb5, 0xb8, 0xde, 0x5, 0x17, 0x16, 0xc, 0x3, 0x0, 0x15, 0xff, 0x0, 0x0},
 gr22_pa = {0x8, 0x7f, 0x0, 0x3d, 0x0, 0x23},
 gr23_synth = {0x2c, 0xe, 0xb, 0x4, 0xc, 0x73, 0x3, 0x5}, gr30_match = 0x416e, gr40_freq_ctl = {0x38, 0xd, 0xdd, 0xdd, 0x44, 0x44, 0x20, 0xfe}, gr50_hop = 0x416e, grF0_pti = 0x416e}


p cmd_timings
{{cmd = 0, t_cts0 = 0, t_cmd0 = 0, d_len0 = 0, t_cts_r = 0, t_reply = 0, d_reply_len = 0, t_elapsed = 0, frr = "\000\000\000"},
 {cmd = 1, t_cts0 = 49, t_cmd0 = 17, d_len0 = 1, t_cts_r = 24, t_reply = 110, d_reply_len = 10, t_elapsed = 256, frr = "\003\000\000"},
 {cmd = 2, t_cts0 = 49, t_cmd0 = 82, d_len0 = 7, t_cts_r = 0, t_reply = 0, d_reply_len = 0, t_elapsed = 0, frr = "\000\000\000"},
 {cmd = 0, t_cts0 = 0, t_cmd0 = 0, d_len0 = 0, t_cts_r = 0, t_reply = 0, d_reply_len = 0, t_elapsed = 0, frr = "\000\000\000"} 
<repeats 13 times>, 
{cmd = 16, t_cts0 = 49, t_cmd0 = 17, d_len0 = 1, t_cts_r = 25, t_reply = 88, d_reply_len = 8, t_elapsed = 236, frr = "\003\000\000"},
 {cmd = 17, t_cts0 = 49, t_cmd0 = 82, d_len0 = 7, t_cts_r = 0, t_reply = 0, d_reply_len = 0, t_elapsed = 0, frr = "\000\000\000"},
 {cmd = 0, t_cts0 = 0, t_cmd0 = 0, d_len0 = 0, t_cts_r = 0, t_reply = 0, d_reply_len = 0, t_elapsed = 0, frr = "\000\000\000"},
 {cmd = 19, t_cts0 = 49, t_cmd0 = 93, d_len0 = 8, t_cts_r = 25, t_reply = 99, d_reply_len = 9, t_elapsed = 322, frr = "\003\000\000"},
 {cmd = 0, t_cts0 = 0, t_cmd0 = 0, d_len0 = 0, t_cts_r = 0, t_reply = 0, d_reply_len = 0, t_elapsed = 0, frr = "\000\000\000"},
 {cmd = 21, t_cts0 = 49, t_cmd0 = 28, d_len0 = 2, t_cts_r = 24, t_reply = 47, d_reply_len = 4, t_elapsed = 204, frr = "\a\000\000<"},
 {cmd = 22, t_cts0 = 49, t_cmd0 = 17, d_len0 = 1, t_cts_r = 25, t_reply = 46, d_reply_len = 4, t_elapsed = 194, frr = "\b\000\000:"},
 {cmd = 0, t_cts0 = 0, t_cmd0 = 0, d_len0 = 0, t_cts_r = 0, t_reply = 0, d_reply_len = 0, t_elapsed = 0, frr = "\000\000\000"},
 {cmd = 0, t_cts0 = 0, t_cmd0 = 0, d_len0 = 0, t_cts_r = 0, t_reply = 0, d_reply_len = 0, t_elapsed = 0, frr = "\000\000\000"},
 {cmd = 0, t_cts0 = 0, t_cmd0 = 0, d_len0 = 0, t_cts_r = 0, t_reply = 0, d_reply_len = 0, t_elapsed = 0, frr = "\000\000\000"},
 {cmd = 0, t_cts0 = 0, t_cmd0 = 0, d_len0 = 0, t_cts_r = 0, t_reply = 0, d_reply_len = 0, t_elapsed = 0, frr = "\000\000\000"},
 {cmd = 0, t_cts0 = 0, t_cmd0 = 0, d_len0 = 0, t_cts_r = 0, t_reply = 0, d_reply_len = 0, t_elapsed = 0, frr = "\000\000\000"},
 {cmd = 0, t_cts0 = 0, t_cmd0 = 0, d_len0 = 0, t_cts_r = 0, t_reply = 0, d_reply_len = 0, t_elapsed = 0, frr = "\000\000\000"},
 {cmd = 0, t_cts0 = 0, t_cmd0 = 0, d_len0 = 0, t_cts_r = 0, t_reply = 0, d_reply_len = 0, t_elapsed = 0, frr = "\000\000\000"},
 {cmd = 0, t_cts0 = 0, t_cmd0 = 0, d_len0 = 0, t_cts_r = 0, t_reply = 0, d_reply_len = 0, t_elapsed = 0, frr = "\000\000\000"},
 {cmd = 0, t_cts0 = 0, t_cmd0 = 0, d_len0 = 0, t_cts_r = 0, t_reply = 0, d_reply_len = 0, t_elapsed = 0, frr = "\000\000\000"},
 {cmd = 32, t_cts0 = 49, t_cmd0 = 17, d_len0 = 1, t_cts_r = 25, t_reply = 110, d_reply_len = 10, t_elapsed = 257, frr = "\a\000\000<"},
 {cmd = 33, t_cts0 = 49, t_cmd0 = 28, d_len0 = 2, t_cts_r = 24, t_reply = 47, d_reply_len = 4, t_elapsed = 204, frr = "\003\000\000"},
 {cmd = 34, t_cts0 = 49, t_cmd0 = 28, d_len0 = 2, t_cts_r = 24, t_reply = 110, d_reply_len = 10, t_elapsed = 268, frr = "\003\000\000"},
 {cmd = 35, t_cts0 = 49, t_cmd0 = 28, d_len0 = 2, t_cts_r = 25, t_reply = 67, d_reply_len = 6, t_elapsed = 226, frr = "\003\000\000"},
 {cmd = 0, t_cts0 = 0, t_cmd0 = 0, d_len0 = 0, t_cts_r = 0, t_reply = 0, d_reply_len = 0, t_elapsed = 0, frr = "\000\000\000"} 
<repeats 13 times>, 
{cmd = 49, t_cts0 = 49, t_cmd0 = 60, d_len0 = 5, t_cts_r = 0, t_reply = 0, d_reply_len = 0, t_elapsed = 0, frr = "\000\000\000"},
 {cmd = 50, t_cts0 = 49, t_cmd0 = 93, d_len0 = 8, t_cts_r = 0, t_reply = 0, d_reply_len = 0, t_elapsed = 0, frr = "\000\000\000"},
 {cmd = 51, t_cts0 = 49, t_cmd0 = 17, d_len0 = 1, t_cts_r = 24, t_reply = 47, d_reply_len = 4, t_elapsed = 194, frr = "\003\000\000"},
 {cmd = 52, t_cts0 = 49, t_cmd0 = 28, d_len0 = 2, t_cts_r = 0, t_reply = 0, d_reply_len = 0, t_elapsed = 0, frr = "\000\000\000"},
 {cmd = 0, t_cts0 = 0, t_cmd0 = 0, d_len0 = 0, t_cts_r = 0, t_reply = 0, d_reply_len = 0, t_elapsed = 0, frr = "\000\000\000"} 
<repeats 202 times>, 
{cmd = 0, t_cts0 = 0, t_cmd0 = 0, d_len0 = 0, t_cts_r = 49, t_reply = 110, d_reply_len = 10, t_elapsed = 0, frr = "\000\000\000"}}

p/x cmd_timings
$8 = {{cmd = 0x0, t_cts0 = 0x0, t_cmd0 = 0x0, d_len0 = 0x0, t_cts_r = 0x0, t_reply = 0x0, d_reply_len = 0x0, t_elapsed = 0x0, frr = {0x0, 0x0, 0x0, 0x0}}
, {cmd = 0x1, t_cts0 = 0x31, t_cmd0 = 0x11, d_len0 = 0x1, t_cts_r = 0x18, t_reply = 0x6e, d_reply_len = 0xa, t_elapsed = 0x100, frr = {0x3, 0x0, 0x0, 0x0}}
, {cmd = 0x2, t_cts0 = 0x31, t_cmd0 = 0x52, d_len0 = 0x7, t_cts_r = 0x0, t_reply = 0x0, d_reply_len = 0x0, t_elapsed = 0x0, frr = {0x0, 0x0, 0x0, 0x0}}
, {cmd = 0x0, t_cts0 = 0x0, t_cmd0 = 0x0, d_len0 = 0x0, t_cts_r = 0x0, t_reply = 0x0, d_reply_len = 0x0, t_elapsed = 0x0, frr = {0x0, 0x0, 0x0, 0x0}}
 <repeats 13 times>
, {cmd = 0x10, t_cts0 = 0x31, t_cmd0 = 0x11, d_len0 = 0x1, t_cts_r = 0x19, t_reply = 0x58, d_reply_len = 0x8, t_elapsed = 0xec, frr = {0x3, 0x0, 0x0, 0x0}}
, {cmd = 0x11, t_cts0 = 0x31, t_cmd0 = 0x52, d_len0 = 0x7, t_cts_r = 0x0, t_reply = 0x0, d_reply_len = 0x0, t_elapsed = 0x0, frr = {0x0, 0x0, 0x0, 0x0}}
, {cmd = 0x0, t_cts0 = 0x0, t_cmd0 = 0x0, d_len0 = 0x0, t_cts_r = 0x0, t_reply = 0x0, d_reply_len = 0x0, t_elapsed = 0x0, frr = {0x0, 0x0, 0x0, 0x0}}
, {cmd = 0x13, t_cts0 = 0x31, t_cmd0 = 0x5d, d_len0 = 0x8, t_cts_r = 0x19, t_reply = 0x63, d_reply_len = 0x9, t_elapsed = 0x142, frr = {0x3, 0x0, 0x0, 0x0}}
, {cmd = 0x0, t_cts0 = 0x0, t_cmd0 = 0x0, d_len0 = 0x0, t_cts_r = 0x0, t_reply = 0x0, d_reply_len = 0x0, t_elapsed = 0x0, frr = {0x0, 0x0, 0x0, 0x0}}
, {cmd = 0x15, t_cts0 = 0x31, t_cmd0 = 0x1c, d_len0 = 0x2, t_cts_r = 0x18, t_reply = 0x2f, d_reply_len = 0x4, t_elapsed = 0xcc, frr = {0x7, 0x0, 0x0, 0x3c}}
, {cmd = 0x16, t_cts0 = 0x31, t_cmd0 = 0x11, d_len0 = 0x1, t_cts_r = 0x19, t_reply = 0x2e, d_reply_len = 0x4, t_elapsed = 0xc2, frr = {0x8, 0x0, 0x0, 0x3a}}
, {cmd = 0x0, t_cts0 = 0x0, t_cmd0 = 0x0, d_len0 = 0x0, t_cts_r = 0x0, t_reply = 0x0, d_reply_len = 0x0, t_elapsed = 0x0, frr = {0x0, 0x0, 0x0, 0x0}}
, {cmd = 0x0, t_cts0 = 0x0, t_cmd0 = 0x0, d_len0 = 0x0, t_cts_r = 0x0, t_reply = 0x0, d_reply_len = 0x0, t_elapsed = 0x0, frr = {0x0, 0x0, 0x0, 0x0}}
, {cmd = 0x0, t_cts0 = 0x0, t_cmd0 = 0x0, d_len0 = 0x0, t_cts_r = 0x0, t_reply = 0x0, d_reply_len = 0x0, t_elapsed = 0x0, frr = {0x0, 0x0, 0x0, 0x0}}
, {cmd = 0x0, t_cts0 = 0x0, t_cmd0 = 0x0, d_len0 = 0x0, t_cts_r = 0x0, t_reply = 0x0, d_reply_len = 0x0, t_elapsed = 0x0, frr = {0x0, 0x0, 0x0, 0x0}}
, {cmd = 0x0, t_cts0 = 0x0, t_cmd0 = 0x0, d_len0 = 0x0, t_cts_r = 0x0, t_reply = 0x0, d_reply_len = 0x0, t_elapsed = 0x0, frr = {0x0, 0x0, 0x0, 0x0}}
, {cmd = 0x0, t_cts0 = 0x0, t_cmd0 = 0x0, d_len0 = 0x0, t_cts_r = 0x0, t_reply = 0x0, d_reply_len = 0x0, t_elapsed = 0x0, frr = {0x0, 0x0, 0x0, 0x0}}
, {cmd = 0x0, t_cts0 = 0x0, t_cmd0 = 0x0, d_len0 = 0x0, t_cts_r = 0x0, t_reply = 0x0, d_reply_len = 0x0, t_elapsed = 0x0, frr = {0x0, 0x0, 0x0, 0x0}}
, {cmd = 0x0, t_cts0 = 0x0, t_cmd0 = 0x0, d_len0 = 0x0, t_cts_r = 0x0, t_reply = 0x0, d_reply_len = 0x0, t_elapsed = 0x0, frr = {0x0, 0x0, 0x0, 0x0}}
, {cmd = 0x0, t_cts0 = 0x0, t_cmd0 = 0x0, d_len0 = 0x0, t_cts_r = 0x0, t_reply = 0x0, d_reply_len = 0x0, t_elapsed = 0x0, frr = {0x0, 0x0, 0x0, 0x0}}
, {cmd = 0x20, t_cts0 = 0x31, t_cmd0 = 0x11, d_len0 = 0x1, t_cts_r = 0x19, t_reply = 0x6e, d_reply_len = 0xa, t_elapsed = 0x101, frr = {0x7, 0x0, 0x0, 0x3c}}
, {cmd = 0x21, t_cts0 = 0x31, t_cmd0 = 0x1c, d_len0 = 0x2, t_cts_r = 0x18, t_reply = 0x2f, d_reply_len = 0x4, t_elapsed = 0xcc, frr = {0x3, 0x0, 0x0, 0x0}}
, {cmd = 0x22, t_cts0 = 0x31, t_cmd0 = 0x1c, d_len0 = 0x2, t_cts_r = 0x18, t_reply = 0x6e, d_reply_len = 0xa, t_elapsed = 0x10c, frr = {0x3, 0x0, 0x0, 0x0}}
, {cmd = 0x23, t_cts0 = 0x31, t_cmd0 = 0x1c, d_len0 = 0x2, t_cts_r = 0x19, t_reply = 0x43, d_reply_len = 0x6, t_elapsed = 0xe2, frr = {0x3, 0x0, 0x0, 0x0}}
, {cmd = 0x0, t_cts0 = 0x0, t_cmd0 = 0x0, d_len0 = 0x0, t_cts_r = 0x0, t_reply = 0x0, d_reply_len = 0x0, t_elapsed = 0x0, frr = {0x0, 0x0, 0x0, 0x0}}
 <repeats 13 times>
, {cmd = 0x31, t_cts0 = 0x31, t_cmd0 = 0x3c, d_len0 = 0x5, t_cts_r = 0x0, t_reply = 0x0, d_reply_len = 0x0, t_elapsed = 0x0, frr = {0x0, 0x0, 0x0, 0x0}}
, {cmd = 0x32, t_cts0 = 0x31, t_cmd0 = 0x5d, d_len0 = 0x8, t_cts_r = 0x0, t_reply = 0x0, d_reply_len = 0x0, t_elapsed = 0x0, frr = {0x0, 0x0, 0x0, 0x0}}
, {cmd = 0x33, t_cts0 = 0x31, t_cmd0 = 0x11, d_len0 = 0x1, t_cts_r = 0x18, t_reply = 0x2f, d_reply_len = 0x4, t_elapsed = 0xc2, frr = {0x3, 0x0, 0x0, 0x0}}
, {cmd = 0x34, t_cts0 = 0x31, t_cmd0 = 0x1c, d_len0 = 0x2, t_cts_r = 0x0, t_reply = 0x0, d_reply_len = 0x0, t_elapsed = 0x0, frr = {0x0, 0x0, 0x0, 0x0}}
, {cmd = 0x0, t_cts0 = 0x0, t_cmd0 = 0x0, d_len0 = 0x0, t_cts_r = 0x0, t_reply = 0x0, d_reply_len = 0x0, t_elapsed = 0x0, frr = {0x0, 0x0, 0x0, 0x0}}
 <repeats 202 times>, 
{cmd = 0x0, t_cts0 = 0x0, t_cmd0 = 0x0, d_len0 = 0x0, t_cts_r = 0x31, t_reply = 0x6e, d_reply_len = 0xa, t_elapsed = 0x0, frr = {0x0, 0x0, 0x0, 0x0}}
}

p prop_timings
$11 = {{cmd = 0, t_cts0 = 24, t_cmd0 = 40, d_len0 = 4, t_cts_r = 50, t_reply = 130, d_reply_len = 12, t_elapsed = 296, frr = "\003\000\000"},
 {cmd = 1, t_cts0 = 24, t_cmd0 = 40, d_len0 = 4, t_cts_r = 50, t_reply = 68, d_reply_len = 6, t_elapsed = 233, frr = "\003\000\000"},
 {cmd = 2, t_cts0 = 24, t_cmd0 = 40, d_len0 = 4, t_cts_r = 49, t_reply = 68, d_reply_len = 6, t_elapsed = 233, frr = "\003\000\000"},
 {cmd = 0, t_cts0 = 0, t_cmd0 = 0, d_len0 = 0, t_cts_r = 0, t_reply = 0, d_reply_len = 0, t_elapsed = 0, frr = "\000\000\000"} 
<repeats 13 times>
, {cmd = 16, t_cts0 = 24, t_cmd0 = 40, d_len0 = 4, t_cts_r = 49, t_reply = 173, d_reply_len = 16, t_elapsed = 338, frr = "\003\000\000"},
 {cmd = 17, t_cts0 = 25, t_cmd0 = 40, d_len0 = 4, t_cts_r = 49, t_reply = 78, d_reply_len = 7, t_elapsed = 243, frr = "\003\000\000"},
 {cmd = 18, t_cts0 = 24, t_cmd0 = 40, d_len0 = 4, t_cts_r = 49, t_reply = 131, d_reply_len = 12, t_elapsed = 296, frr = "\003\000\000"},
 {cmd = 0, t_cts0 = 0, t_cmd0 = 0, d_len0 = 0, t_cts_r = 0, t_reply = 0, d_reply_len = 0, t_elapsed = 0, frr = "\000\000\000"} 
<repeats 13 times>
, {cmd = 32, t_cts0 = 144, t_cmd0 = 237, d_len0 = 24, t_cts_r = 297, t_reply = 1016, d_reply_len = 94, t_elapsed = 1920, frr = "\003\000\000"},
 {cmd = 33, t_cts0 = 73, t_cmd0 = 120, d_len0 = 12, t_cts_r = 149, t_reply = 454, d_reply_len = 42, t_elapsed = 916, frr = "\003\000\000"},
 {cmd = 34, t_cts0 = 24, t_cmd0 = 40, d_len0 = 4, t_cts_r = 50, t_reply = 89, d_reply_len = 8, t_elapsed = 254, frr = "\003\000\000"},
 {cmd = 35, t_cts0 = 24, t_cmd0 = 40, d_len0 = 4, t_cts_r = 49, t_reply = 110, d_reply_len = 10, t_elapsed = 275, frr = "\003\000\000"},
 {cmd = 0, t_cts0 = 0, t_cmd0 = 0, d_len0 = 0, t_cts_r = 0, t_reply = 0, d_reply_len = 0, t_elapsed = 0, frr = "\000\000\000"} 
<repeats 12 times>
, {cmd = 48, t_cts0 = 0, t_cmd0 = 0, d_len0 = 0, t_cts_r = 0, t_reply = 0, d_reply_len = 0, t_elapsed = 18, frr = "\003\000\000"},
 {cmd = 0, t_cts0 = 0, t_cmd0 = 0, d_len0 = 0, t_cts_r = 0, t_reply = 0, d_reply_len = 0, t_elapsed = 0, frr = "\000\000\000"} 
<repeats 15 times>
, {cmd = 64, t_cts0 = 24, t_cmd0 = 40, d_len0 = 4, t_cts_r = 49, t_reply = 110, d_reply_len = 10, t_elapsed = 275, frr = "\003\000\000"},
 {cmd = 0, t_cts0 = 0, t_cmd0 = 0, d_len0 = 0, t_cts_r = 0, t_reply = 0, d_reply_len = 0, t_elapsed = 0, frr = "\000\000\000"} 
<repeats 15 times>
, {cmd = 80, t_cts0 = 0, t_cmd0 = 0, d_len0 = 0, t_cts_r = 0, t_reply = 0, d_reply_len = 0, t_elapsed = 18, frr = "\003\000\000"},
 {cmd = 0, t_cts0 = 0, t_cmd0 = 0, d_len0 = 0, t_cts_r = 0, t_reply = 0, d_reply_len = 0, t_elapsed = 0, frr = "\000\000\000"} 
<repeats 159 times>
, {cmd = 240, t_cts0 = 0, t_cmd0 = 0, d_len0 = 0, t_cts_r = 0, t_reply = 0, d_reply_len = 0, t_elapsed = 18, frr = "\003\000\000"},
 {cmd = 0, t_cts0 = 0, t_cmd0 = 0, d_len0 = 0, t_cts_r = 0, t_reply = 0, d_reply_len = 0, t_elapsed = 0, frr = "\000\000\000"} 
<repeats 15 times>}

p/x prop_timings
$12 = {{cmd = 0x0, t_cts0 = 0x18, t_cmd0 = 0x28, d_len0 = 0x4, t_cts_r = 0x32, t_reply = 0x82, d_reply_len = 0xc, t_elapsed = 0x128, frr = {0x3, 0x0, 0x0, 0x0}}
, {cmd = 0x1, t_cts0 = 0x18, t_cmd0 = 0x28, d_len0 = 0x4, t_cts_r = 0x32, t_reply = 0x44, d_reply_len = 0x6, t_elapsed = 0xe9, frr = {0x3, 0x0, 0x0, 0x0}}
, {cmd = 0x2, t_cts0 = 0x18, t_cmd0 = 0x28, d_len0 = 0x4, t_cts_r = 0x31, t_reply = 0x44, d_reply_len = 0x6, t_elapsed = 0xe9, frr = {0x3, 0x0, 0x0, 0x0}}
, {cmd = 0x0, t_cts0 = 0x0, t_cmd0 = 0x0, d_len0 = 0x0, t_cts_r = 0x0, t_reply = 0x0, d_reply_len = 0x0, t_elapsed = 0x0, frr = {0x0, 0x0, 0x0, 0x0}}
 <repeats 13 times>, {cmd = 0x10, t_cts0 = 0x18, t_cmd0 = 0x28, d_len0 = 0x4, t_cts_r = 0x31, t_reply = 0xad, d_reply_len = 0x10, t_elapsed = 0x152, frr = {0x3, 0x0, 0x0, 0x0}}
, {cmd = 0x11, t_cts0 = 0x19, t_cmd0 = 0x28, d_len0 = 0x4, t_cts_r = 0x31, t_reply = 0x4e, d_reply_len = 0x7, t_elapsed = 0xf3, frr = {0x3, 0x0, 0x0, 0x0}}
, {cmd = 0x12, t_cts0 = 0x18, t_cmd0 = 0x28, d_len0 = 0x4, t_cts_r = 0x31, t_reply = 0x83, d_reply_len = 0xc, t_elapsed = 0x128, frr = {0x3, 0x0, 0x0, 0x0}}
, {cmd = 0x0, t_cts0 = 0x0, t_cmd0 = 0x0, d_len0 = 0x0, t_cts_r = 0x0, t_reply = 0x0, d_reply_len = 0x0, t_elapsed = 0x0, frr = {0x0, 0x0, 0x0, 0x0}}
 <repeats 13 times>, {cmd = 0x20, t_cts0 = 0x90, t_cmd0 = 0xed, d_len0 = 0x18, t_cts_r = 0x129, t_reply = 0x3f8, d_reply_len = 0x5e, t_elapsed = 0x780, frr = {0x3, 0x0, 0x0, 0x0}}
, {cmd = 0x21, t_cts0 = 0x49, t_cmd0 = 0x78, d_len0 = 0xc, t_cts_r = 0x95, t_reply = 0x1c6, d_reply_len = 0x2a, t_elapsed = 0x394, frr = {0x3, 0x0, 0x0, 0x0}}
, {cmd = 0x22, t_cts0 = 0x18, t_cmd0 = 0x28, d_len0 = 0x4, t_cts_r = 0x32, t_reply = 0x59, d_reply_len = 0x8, t_elapsed = 0xfe, frr = {0x3, 0x0, 0x0, 0x0}}
, {cmd = 0x23, t_cts0 = 0x18, t_cmd0 = 0x28, d_len0 = 0x4, t_cts_r = 0x31, t_reply = 0x6e, d_reply_len = 0xa, t_elapsed = 0x113, frr = {0x3, 0x0, 0x0, 0x0}}
, {cmd = 0x0, t_cts0 = 0x0, t_cmd0 = 0x0, d_len0 = 0x0, t_cts_r = 0x0, t_reply = 0x0, d_reply_len = 0x0, t_elapsed = 0x0, frr = {0x0, 0x0, 0x0, 0x0}}
 <repeats 12 times>, {cmd = 0x30, t_cts0 = 0x0, t_cmd0 = 0x0, d_len0 = 0x0, t_cts_r = 0x0, t_reply = 0x0, d_reply_len = 0x0, t_elapsed = 0x12, frr = {0x3, 0x0, 0x0, 0x0}}
, {cmd = 0x0, t_cts0 = 0x0, t_cmd0 = 0x0, d_len0 = 0x0, t_cts_r = 0x0, t_reply = 0x0, d_reply_len = 0x0, t_elapsed = 0x0, frr = {0x0, 0x0, 0x0, 0x0}}
 <repeats 15 times>, {cmd = 0x40, t_cts0 = 0x18, t_cmd0 = 0x28, d_len0 = 0x4, t_cts_r = 0x31, t_reply = 0x6e, d_reply_len = 0xa, t_elapsed = 0x113, frr = {0x3, 0x0, 0x0, 0x0}}
, {cmd = 0x0, t_cts0 = 0x0, t_cmd0 = 0x0, d_len0 = 0x0, t_cts_r = 0x0, t_reply = 0x0, d_reply_len = 0x0, t_elapsed = 0x0, frr = {0x0, 0x0, 0x0, 0x0}}
 <repeats 15 times>, {cmd = 0x50, t_cts0 = 0x0, t_cmd0 = 0x0, d_len0 = 0x0, t_cts_r = 0x0, t_reply = 0x0, d_reply_len = 0x0, t_elapsed = 0x12, frr = {0x3, 0x0, 0x0, 0x0}}
, {cmd = 0x0, t_cts0 = 0x0, t_cmd0 = 0x0, d_len0 = 0x0, t_cts_r = 0x0, t_reply = 0x0, d_reply_len = 0x0, t_elapsed = 0x0, frr = {0x0, 0x0, 0x0, 0x0}}
 <repeats 159 times>, {cmd = 0xf0, t_cts0 = 0x0, t_cmd0 = 0x0, d_len0 = 0x0, t_cts_r = 0x0, t_reply = 0x0, d_reply_len = 0x0, t_elapsed = 0x12, frr = {0x3, 0x0, 0x0, 0x0}}
, {cmd = 0x0, t_cts0 = 0x0, t_cmd0 = 0x0, d_len0 = 0x0, t_cts_r = 0x0, t_reply = 0x0, d_reply_len = 0x0, t_elapsed = 0x0, frr = {0x0, 0x0, 0x0, 0x0}}
 <repeats 15 times>}


p dump_prop
{{prop_id = 0, where = 0x41b8 "R", length = 10 '\n'},
 {prop_id = 256, where = 0x41c2 "\003\377\377\377\t\004\006\n\030\024", length = 4 '\004'},
 {prop_id = 512, where = 0x41c6 "\t\004\006\n\030\024", length = 4 '\004'},
 {prop_id = 4096, where = 0x41ca "\030\024", length = 14 '\016'},
 {prop_id = 4352, where = 0x41d8 "\001\264+", length = 5 '\005'},
 {prop_id = 4608, where = 0x41dd "\205\001\b\377\377", length = 19 '\023'},
 {prop_id = 4641, where = 0x41f0 "", length = 10 '\n'},
 {prop_id = 8192, where = 0x41fa "\003", length = 82 'R'},
 {prop_id = 8448, where = 0x424c "\377\304\060\177\365\265\270\336\005\027\026\f\003", length = 36 '$'},
 {prop_id = 8704, where = 0x4270 "\b\177", length = 6 '\006'},
 {prop_id = 8960, where = 0x4276 ",\016\v\004\fs\003\005\070\r\335\335DD \376", length = 8 '\b'},
 {prop_id = 12288, where = 0x427e "8\r\335\335DD \376", length = 0 '\000'},
 {prop_id = 16384, where = 0x427e "8\r\335\335DD \376", length = 8 '\b'},
 {prop_id = 20480, where = 0x4286 "", length = 0 '\000'},
 {prop_id = 61440, where = 0x4286 "", length = 0 '\000'},
 {prop_id = 0, where = 0x0, length = 0 '\000'}}

p/x prop_dump
{{prop_id = 0x0, where = 0x41b8, length = 0xa},
 {prop_id = 0x100, where = 0x41c2, length = 0x4},
 {prop_id = 0x200, where = 0x41c6, length = 0x4},
 {prop_id = 0x1000, where = 0x41ca, length = 0xe},
 {prop_id = 0x1100, where = 0x41d8, length = 0x5},
 {prop_id = 0x1200, where = 0x41dd, length = 0x13},
 {prop_id = 0x1221, where = 0x41f0, length = 0xa},
 {prop_id = 0x2000, where = 0x41fa, length = 0x52},
 {prop_id = 0x2100, where = 0x424c, length = 0x24},
 {prop_id = 0x2200, where = 0x4270, length = 0x6},
 {prop_id = 0x2300, where = 0x4276, length = 0x8},
 {prop_id = 0x3000, where = 0x427e, length = 0x0},
 {prop_id = 0x4000, where = 0x427e, length = 0x8},
 {prop_id = 0x5000, where = 0x4286, length = 0x0},
 {prop_id = 0xf000, where = 0x4286, length = 0x0},
 {prop_id = 0x0, where = 0x0, length = 0x0}}


p fsm_trace_array
 {start = 2200325, elapsed = 984, ph = 1, modem = 0, chip = 0, ds = RC_RECEIVE, rssi = 59, ev = E_RX_THRESH, cs = S_RX_ACTIVE, ac = A_RX_DRAIN_FF, ns = S_RX_ACTIVE, ne = E_0NOP, al_s = 0 '\000', al_e = 0 '\000'},
 {start = 2208026, elapsed = 973, ph = 1, modem = 0, chip = 0, ds = RC_RECEIVE, rssi = 59, ev = E_RX_THRESH, cs = S_RX_ACTIVE, ac = A_RX_DRAIN_FF, ns = S_RX_ACTIVE, ne = E_0NOP, al_s = 0 '\000', al_e = 0 '\000'},
 {start = 2213326, elapsed = 2013, ph = 16, modem = 0, chip = 0, ds = RC_RECEIVE, rssi = 59, ev = E_PACKET_RX, cs = S_RX_ACTIVE, ac = A_RX_CMP, ns = S_RX_ON, ne = E_0NOP, al_s = 0 '\000', al_e = 1 '\001'},

 {start = 2217913, elapsed = 1858, ph = 0, modem = 4, chip = 0, ds = RC_RECEIVE, rssi = 62, ev = E_TRANSMIT, cs = S_RX_ON, ac = A_TX_START, ns = S_TX_ACTIVE, ne = E_0NOP, al_s = 1 '\001', al_e = 0 '\000'},
 {start = 2230213, elapsed = 1031, ph = 2, modem = 0, chip = 16, ds = RC_TRANSMIT, rssi = 62, ev = E_TX_THRESH, cs = S_TX_ACTIVE, ac = A_TX_FILL_FF, ns = S_TX_ACTIVE, ne = E_0NOP, al_s = 0 '\000', al_e = 0 '\000'},
 {start = 2238832, elapsed = 539, ph = 2, modem = 0, chip = 0, ds = RC_TRANSMIT, rssi = 62, ev = E_TX_THRESH, cs = S_TX_ACTIVE, ac = A_TX_FILL_FF, ns = S_TX_ACTIVE, ne = E_0NOP, al_s = 0 '\000', al_e = 0 '\000'},
 {start = 2243518, elapsed = 1324, ph = 32, modem = 0, chip = 16, ds = RC_READY, rssi = 62, ev = E_PACKET_SENT, cs = S_TX_ACTIVE, ac = A_TX_CMP, ns = S_RX_ON, ne = E_0NOP, al_s = 0 '\000', al_e = 1 '\001'},

 {start = 2288997, elapsed = 21, ph = 0, modem = 2, chip = 0, ds = RC_RECEIVE, rssi = 57, ev = E_PREAMBLE_DETECT, cs = S_RX_ON, ac = A_NOP, ns = S_RX_ON, ne = E_0NOP, al_s = 1 '\001', al_e = 1 '\001'},
 {start = 2290841, elapsed = 57, ph = 0, modem = 1, chip = 0, ds = RC_RECEIVE, rssi = 57, ev = E_SYNC_DETECT, cs = S_RX_ON, ac = A_RX_START, ns = S_RX_ACTIVE, ne = E_0NOP, al_s = 1 '\001', al_e = 0 '\000'},
 {start = 2298737, elapsed = 984, ph = 1, modem = 0, chip = 0, ds = RC_RECEIVE, rssi = 57, ev = E_RX_THRESH, cs = S_RX_ACTIVE, ac = A_RX_DRAIN_FF, ns = S_RX_ACTIVE, ne = E_0NOP, al_s = 0 '\000', al_e = 0 '\000'},
 {start = 2306439, elapsed = 973, ph = 1, modem = 0, chip = 0, ds = RC_RECEIVE, rssi = 57, ev = E_RX_THRESH, cs = S_RX_ACTIVE, ac = A_RX_DRAIN_FF, ns = S_RX_ACTIVE, ne = E_0NOP, al_s = 0 '\000', al_e = 0 '\000'},
 {start = 2311738, elapsed = 2014, ph = 16, modem = 0, chip = 0, ds = RC_RECEIVE, rssi = 57, ev = E_PACKET_RX, cs = S_RX_ACTIVE, ac = A_RX_CMP, ns = S_RX_ON, ne = E_0NOP, al_s = 0 '\000', al_e = 1 '\001'},

 {start = 2316326, elapsed = 1858, ph = 0, modem = 4, chip = 0, ds = RC_RECEIVE, rssi = 63, ev = E_TRANSMIT, cs = S_RX_ON, ac = A_TX_START, ns = S_TX_ACTIVE, ne = E_0NOP, al_s = 1 '\001', al_e = 0 '\000'},
 {start = 2328627, elapsed = 1031, ph = 2, modem = 0, chip = 16, ds = RC_TRANSMIT, rssi = 63, ev = E_TX_THRESH, cs = S_TX_ACTIVE, ac = A_TX_FILL_FF, ns = S_TX_ACTIVE, ne = E_0NOP, al_s = 0 '\000', al_e = 0 '\000'},
 {start = 2337245, elapsed = 539, ph = 2, modem = 0, chip = 0, ds = RC_TRANSMIT, rssi = 63, ev = E_TX_THRESH, cs = S_TX_ACTIVE, ac = A_TX_FILL_FF, ns = S_TX_ACTIVE, ne = E_0NOP, al_s = 0 '\000', al_e = 0 '\000'},
 {start = 2341953, elapsed = 1324, ph = 32, modem = 0, chip = 16, ds = RC_READY, rssi = 63, ev = E_PACKET_SENT, cs = S_TX_ACTIVE, ac = A_TX_CMP, ns = S_RX_ON, ne = E_0NOP, al_s = 0 '\000', al_e = 1 '\001'},

 {start = 2385900, elapsed = 22, ph = 0, modem = 2, chip = 0, ds = RC_RECEIVE, rssi = 61, ev = E_PREAMBLE_DETECT, cs = S_RX_ON, ac = A_NOP, ns = S_RX_ON, ne = E_0NOP, al_s = 1 '\001', al_e = 1 '\001'},
 {start = 2387746, elapsed = 57, ph = 0, modem = 1, chip = 0, ds = RC_RECEIVE, rssi = 61, ev = E_SYNC_DETECT, cs = S_RX_ON, ac = A_RX_START, ns = S_RX_ACTIVE, ne = E_0NOP, al_s = 1 '\001', al_e = 0 '\000'},
 {start = 2395612, elapsed = 984, ph = 1, modem = 0, chip = 0, ds = RC_RECEIVE, rssi = 61, ev = E_RX_THRESH, cs = S_RX_ACTIVE, ac = A_RX_DRAIN_FF, ns = S_RX_ACTIVE, ne = E_0NOP, al_s = 0 '\000', al_e = 0 '\000'},
 {start = 2403295, elapsed = 972, ph = 1, modem = 0, chip = 0, ds = RC_RECEIVE, rssi = 61, ev = E_RX_THRESH, cs = S_RX_ACTIVE, ac = A_RX_DRAIN_FF, ns = S_RX_ACTIVE, ne = E_0NOP, al_s = 0 '\000', al_e = 0 '\000'},
 {start = 2408580, elapsed = 2013, ph = 16, modem = 0, chip = 0, ds = RC_RECEIVE, rssi = 61, ev = E_PACKET_RX, cs = S_RX_ACTIVE, ac = A_RX_CMP, ns = S_RX_ON, ne = E_0NOP, al_s = 0 '\000', al_e = 1 '\001'},

 {start = 2413167, elapsed = 1858, ph = 0, modem = 4, chip = 0, ds = RC_RECEIVE, rssi = 59, ev = E_TRANSMIT, cs = S_RX_ON, ac = A_TX_START, ns = S_TX_ACTIVE, ne = E_0NOP, al_s = 1 '\001', al_e = 0 '\000'},
 {start = 2425472, elapsed = 1036, ph = 2, modem = 0, chip = 16, ds = RC_TRANSMIT, rssi = 59, ev = E_TX_THRESH, cs = S_TX_ACTIVE, ac = A_TX_FILL_FF, ns = S_TX_ACTIVE, ne = E_0NOP, al_s = 0 '\000', al_e = 0 '\000'},
 {start = 2434037, elapsed = 539, ph = 2, modem = 0, chip = 0, ds = RC_TRANSMIT, rssi = 59, ev = E_TX_THRESH, cs = S_TX_ACTIVE, ac = A_TX_FILL_FF, ns = S_TX_ACTIVE, ne = E_0NOP, al_s = 0 '\000', al_e = 0 '\000'},
 {start = 2438687, elapsed = 1324, ph = 32, modem = 0, chip = 16, ds = RC_READY, rssi = 59, ev = E_PACKET_SENT, cs = S_TX_ACTIVE, ac = A_TX_CMP, ns = S_RX_ON, ne = E_0NOP, al_s = 0 '\000', al_e = 1 '\001'},

 {start = 2485568, elapsed = 22, ph = 0, modem = 2, chip = 0, ds = RC_RECEIVE, rssi = 63, ev = E_PREAMBLE_DETECT, cs = S_RX_ON, ac = A_NOP, ns = S_RX_ON, ne = E_0NOP, al_s = 1 '\001', al_e = 1 '\001'},
 {start = 2487414, elapsed = 57, ph = 0, modem = 1, chip = 0, ds = RC_RECEIVE, rssi = 63, ev = E_SYNC_DETECT, cs = S_RX_ON, ac = A_RX_START, ns = S_RX_ACTIVE, ne = E_0NOP, al_s = 1 '\001', al_e = 0 '\000'},
 {start = 2495282, elapsed = 983, ph = 1, modem = 0, chip = 0, ds = RC_RECEIVE, rssi = 63, ev = E_RX_THRESH, cs = S_RX_ACTIVE, ac = A_RX_DRAIN_FF, ns = S_RX_ACTIVE, ne = E_0NOP, al_s = 0 '\000', al_e = 0 '\000'},
 {start = 2502944, elapsed = 972, ph = 1, modem = 0, chip = 0, ds = RC_RECEIVE, rssi = 63, ev = E_RX_THRESH, cs = S_RX_ACTIVE, ac = A_RX_DRAIN_FF, ns = S_RX_ACTIVE, ne = E_0NOP, al_s = 0 '\000', al_e = 0 '\000'},
 {start = 2508190, elapsed = 2013, ph = 16, modem = 0, chip = 0, ds = RC_RECEIVE, rssi = 63, ev = E_PACKET_RX, cs = S_RX_ACTIVE, ac = A_RX_CMP, ns = S_RX_ON, ne = E_0NOP, al_s = 0 '\000', al_e = 1 '\001'},

 {start = 2512727, elapsed = 1858, ph = 0, modem = 4, chip = 0, ds = RC_RECEIVE, rssi = 60, ev = E_TRANSMIT, cs = S_RX_ON, ac = A_TX_START, ns = S_TX_ACTIVE, ne = E_0NOP, al_s = 1 '\001', al_e = 0 '\000'},
 {start = 2525051, elapsed = 1032, ph = 2, modem = 0, chip = 16, ds = RC_TRANSMIT, rssi = 60, ev = E_TX_THRESH, cs = S_TX_ACTIVE, ac = A_TX_FILL_FF, ns = S_TX_ACTIVE, ne = E_0NOP, al_s = 0 '\000', al_e = 0 '\000'},
 {start = 2533739, elapsed = 539, ph = 2, modem = 0, chip = 0, ds = RC_TRANSMIT, rssi = 60, ev = E_TX_THRESH, cs = S_TX_ACTIVE, ac = A_TX_FILL_FF, ns = S_TX_ACTIVE, ne = E_0NOP, al_s = 0 '\000', al_e = 0 '\000'},
 {start = 2538497, elapsed = 1324, ph = 32, modem = 0, chip = 16, ds = RC_READY, rssi = 60, ev = E_PACKET_SENT, cs = S_TX_ACTIVE, ac = A_TX_CMP, ns = S_RX_ON, ne = E_0NOP, al_s = 0 '\000', al_e = 1 '\001'},

 {start = 2581811, elapsed = 21, ph = 0, modem = 2, chip = 0, ds = RC_RECEIVE, rssi = 72, ev = E_PREAMBLE_DETECT, cs = S_RX_ON, ac = A_NOP, ns = S_RX_ON, ne = E_0NOP, al_s = 1 '\001', al_e = 1 '\001'},
 {start = 2583636, elapsed = 57, ph = 0, modem = 1, chip = 0, ds = RC_RECEIVE, rssi = 72, ev = E_SYNC_DETECT, cs = S_RX_ON, ac = A_RX_START, ns = S_RX_ACTIVE, ne = E_0NOP, al_s = 1 '\001', al_e = 0 '\000'},
 {start = 2591517, elapsed = 984, ph = 1, modem = 0, chip = 0, ds = RC_RECEIVE, rssi = 72, ev = E_RX_THRESH, cs = S_RX_ACTIVE, ac = A_RX_DRAIN_FF, ns = S_RX_ACTIVE, ne = E_0NOP, al_s = 0 '\000', al_e = 0 '\000'},
 {start = 2599219, elapsed = 972, ph = 1, modem = 0, chip = 0, ds = RC_RECEIVE, rssi = 72, ev = E_RX_THRESH, cs = S_RX_ACTIVE, ac = A_RX_DRAIN_FF, ns = S_RX_ACTIVE, ne = E_0NOP, al_s = 0 '\000', al_e = 0 '\000'},
 {start = 2604517, elapsed = 2014, ph = 16, modem = 0, chip = 0, ds = RC_RECEIVE, rssi = 72, ev = E_PACKET_RX, cs = S_RX_ACTIVE, ac = A_RX_CMP, ns = S_RX_ON, ne = E_0NOP, al_s = 0 '\000', al_e = 1 '\001'},

 {start = 2609105, elapsed = 1858, ph = 0, modem = 4, chip = 0, ds = RC_RECEIVE, rssi = 63, ev = E_TRANSMIT, cs = S_RX_ON, ac = A_TX_START, ns = S_TX_ACTIVE, ne = E_0NOP, al_s = 1 '\001', al_e = 0 '\000'},
 {start = 2621429, elapsed = 1036, ph = 2, modem = 0, chip = 16, ds = RC_TRANSMIT, rssi = 63, ev = E_TX_THRESH, cs = S_TX_ACTIVE, ac = A_TX_FILL_FF, ns = S_TX_ACTIVE, ne = E_0NOP, al_s = 0 '\000', al_e = 0 '\000'},
 {start = 2630069, elapsed = 539, ph = 2, modem = 0, chip = 0, ds = RC_TRANSMIT, rssi = 63, ev = E_TX_THRESH, cs = S_TX_ACTIVE, ac = A_TX_FILL_FF, ns = S_TX_ACTIVE, ne = E_0NOP, al_s = 0 '\000', al_e = 0 '\000'},
 {start = 2634767, elapsed = 1324, ph = 32, modem = 0, chip = 16, ds = RC_READY, rssi = 63, ev = E_PACKET_SENT, cs = S_TX_ACTIVE, ac = A_TX_CMP, ns = S_RX_ON, ne = E_0NOP, al_s = 0 '\000', al_e = 1 '\001'},
128 bytes / 25662 microseconds = 39903 bps

 {start = 2679079, elapsed = 22, ph = 0, modem = 2, chip = 0, ds = RC_RECEIVE, rssi = 56, ev = E_PREAMBLE_DETECT, cs = S_RX_ON, ac = A_NOP, ns = S_RX_ON, ne = E_0NOP, al_s = 1 '\001', al_e = 1 '\001'},
 {start = 2680926, elapsed = 57, ph = 0, modem = 1, chip = 0, ds = RC_RECEIVE, rssi = 56, ev = E_SYNC_DETECT, cs = S_RX_ON, ac = A_RX_START, ns = S_RX_ACTIVE, ne = E_0NOP, al_s = 1 '\001', al_e = 0 '\000'}}
{{start = 2688797, elapsed = 984, ph = 1, modem = 0, chip = 0, ds = RC_RECEIVE, rssi = 56, ev = E_RX_THRESH, cs = S_RX_ACTIVE, ac = A_RX_DRAIN_FF, ns = S_RX_ACTIVE, ne = E_0NOP, al_s = 0 '\000', al_e = 0 '\000'},
 {start = 2696481, elapsed = 972, ph = 1, modem = 0, chip = 0, ds = RC_RECEIVE, rssi = 56, ev = E_RX_THRESH, cs = S_RX_ACTIVE, ac = A_RX_DRAIN_FF, ns = S_RX_ACTIVE, ne = E_0NOP, al_s = 0 '\000', al_e = 0 '\000'},
 {time = 2701692, delta = 7701, ds = _RECEIVE_, ph_pend = 16 '\020', modem_pend = 0 '\000', chip_pend = 0 '\000'},
 {start = 2701766, elapsed = 2013, ph = 16, modem = 0, chip = 0, ds = RC_RECEIVE, rssi = 56, ev = E_PACKET_RX, cs = S_RX_ACTIVE, ac = A_RX_CMP, ns = S_RX_ON, ne = E_0NOP, al_s = 0 '\000', al_e = 1 '\001'},
128 bytes / 20840 microseconds = 49136 bps

 {time = 2704391, delta = 5301, ds = _RECEIVE_, ph_pend = 0 '\000', modem_pend = 0 '\000', chip_pend = 16 '\020'},
 {time = 2705706, delta = 1315, ds = _RECEIVE_, ph_pend = 0 '\000', modem_pend = 4 '\004', chip_pend = 0 '\000'},
 {start = 2706353, elapsed = 1858, ph = 0, modem = 4, chip = 0, ds = RC_RECEIVE, rssi = 60, ev = E_TRANSMIT, cs = S_RX_ON, ac = A_TX_START, ns = S_TX_ACTIVE, ne = E_0NOP, al_s = 1 '\001', al_e = 0 '\000'},
 {time = 2718577, delta = 12870, ds = _TRANSMIT, ph_pend = 2 '\002', modem_pend = 0 '\000', chip_pend = 16 '\020'},
 {start = 2718654, elapsed = 1031, ph = 2, modem = 0, chip = 16, ds = RC_TRANSMIT, rssi = 60, ev = E_TX_THRESH, cs = S_TX_ACTIVE, ac = A_TX_FILL_FF, ns = S_TX_ACTIVE, ne = E_0NOP, al_s = 0 '\000', al_e = 0 '\000'},
 {time = 2719784, delta = 7412, ds = _TRANSMIT, ph_pend = 0 '\000', modem_pend = 0 '\000', chip_pend = 16 '\020'},
 {time = 2727194, delta = 4689, ds = _READY___, ph_pend = 2 '\002', modem_pend = 0 '\000', chip_pend = 0 '\000'},
 {start = 2727271, elapsed = 540, ph = 2, modem = 0, chip = 0, ds = RC_TRANSMIT, rssi = 60, ev = E_TX_THRESH, cs = S_TX_ACTIVE, ac = A_TX_FILL_FF, ns = S_TX_ACTIVE, ne = E_0NOP, al_s = 0 '\000', al_e = 0 '\000'},
 {time = 2731883, delta = 40091, ds = _RECEIVE_, ph_pend = 32 ' ', modem_pend = 0 '\000', chip_pend = 16 '\020'},
 {start = 2731957, elapsed = 1324, ph = 32, modem = 0, chip = 16, ds = RC_READY, rssi = 60, ev = E_PACKET_SENT, cs = S_TX_ACTIVE, ac = A_TX_CMP, ns = S_RX_ON, ne = E_0NOP, al_s = 0 '\000', al_e = 1 '\001'},
 {time = 2733386, delta = 1843, ds = _RECEIVE_, ph_pend = 0 '\000', modem_pend = 0 '\000', chip_pend = 16 '\020'},
 {time = 2734038, delta = 7893, ds = _RECEIVE_, ph_pend = 0 '\000', modem_pend = 8 '\b', chip_pend = 16 '\020'},
 {time = 2735324, delta = 7702, ds = _RECEIVE_, ph_pend = 0 '\000', modem_pend = 4 '\004', chip_pend = 0 '\000'},
 {time = 2735998, delta = 5301, ds = _RECEIVE_, ph_pend = 0 '\000', modem_pend = 4 '\004', chip_pend = 0 '\000'},

 {time = 2778803, delta = 1316, ds = _RECEIVE_, ph_pend = 0 '\000', modem_pend = 2 '\002', chip_pend = 0 '\000'},
 {start = 2778874, elapsed = 22, ph = 0, modem = 2, chip = 0, ds = RC_RECEIVE, rssi = 58, ev = E_PREAMBLE_DETECT, cs = S_RX_ON, ac = A_NOP, ns = S_RX_ON, ne = E_0NOP, al_s = 1 '\001', al_e = 1 '\001'},
 {time = 2780628, delta = 12871, ds = _TRANSMIT, ph_pend = 0 '\000', modem_pend = 1 '\001', chip_pend = 0 '\000'},
 {start = 2780700, elapsed = 57, ph = 0, modem = 1, chip = 0, ds = RC_RECEIVE, rssi = 58, ev = E_SYNC_DETECT, cs = S_RX_ON, ac = A_RX_START, ns = S_RX_ACTIVE, ne = E_0NOP, al_s = 1 '\001', al_e = 0 '\000'},
 {time = 2788509, delta = 7411, ds = _TRANSMIT, ph_pend = 1 '\001', modem_pend = 0 '\000', chip_pend = 0 '\000'},
 {start = 2788584, elapsed = 983, ph = 1, modem = 0, chip = 0, ds = RC_RECEIVE, rssi = 58, ev = E_RX_THRESH, cs = S_RX_ACTIVE, ac = A_RX_DRAIN_FF, ns = S_RX_ACTIVE, ne = E_0NOP, al_s = 0 '\000', al_e = 0 '\000'},
 {time = 2796210, delta = 4711, ds = _READY___, ph_pend = 1 '\001', modem_pend = 0 '\000', chip_pend = 0 '\000'},
 {start = 2796285, elapsed = 973, ph = 1, modem = 0, chip = 0, ds = RC_RECEIVE, rssi = 58, ev = E_RX_THRESH, cs = S_RX_ACTIVE, ac = A_RX_DRAIN_FF, ns = S_RX_ACTIVE, ne = E_0NOP, al_s = 0 '\000', al_e = 0 '\000'},
 {time = 2801511, delta = 40485, ds = _RECEIVE_, ph_pend = 16 '\020', modem_pend = 0 '\000', chip_pend = 0 '\000'},
 {start = 2801584, elapsed = 2013, ph = 16, modem = 0, chip = 0, ds = RC_RECEIVE, rssi = 58, ev = E_PACKET_RX, cs = S_RX_ACTIVE, ac = A_RX_CMP, ns = S_RX_ON, ne = E_0NOP, al_s = 0 '\000', al_e = 1 '\001'},
 {time = 2804209, delta = 1845, ds = _RECEIVE_, ph_pend = 0 '\000', modem_pend = 0 '\000', chip_pend = 16 '\020'},
 {time = 2805524, delta = 7863, ds = _RECEIVE_, ph_pend = 0 '\000', modem_pend = 4 '\004', chip_pend = 0 '\000'},


 {time = 2806835, delta = 7682, ds = _RECEIVE_, ph_pend = 0 '\000', modem_pend = 4 '\004', chip_pend = 0 '\000'},
 {start = 2807482, elapsed = 1858, ph = 0, modem = 4, chip = 0, ds = RC_RECEIVE, rssi = 60, ev = E_TRANSMIT, cs = S_RX_ON, ac = A_TX_START, ns = S_TX_ACTIVE, ne = E_0NOP, al_s = 1 '\001', al_e = 0 '\000'},
 {time = 2819730, delta = 5287, ds = _RECEIVE_, ph_pend = 2 '\002', modem_pend = 0 '\000', chip_pend = 16 '\020'},
 {time = 2820937, delta = 1315, ds = _RECEIVE_, ph_pend = 0 '\000', modem_pend = 0 '\000', chip_pend = 16 '\020'},
 {start = 2819807, elapsed = 1031, ph = 2, modem = 0, chip = 16, ds = RC_TRANSMIT, rssi = 60, ev = E_TX_THRESH, cs = S_TX_ACTIVE, ac = A_TX_FILL_FF, ns = S_TX_ACTIVE, ne = E_0NOP, al_s = 0 '\000', al_e = 0 '\000'},
 {time = 2828372, delta = 12874, ds = _TRANSMIT, ph_pend = 2 '\002', modem_pend = 0 '\000', chip_pend = 0 '\000'},
 {start = 2828449, elapsed = 539, ph = 2, modem = 0, chip = 0, ds = RC_TRANSMIT, rssi = 60, ev = E_TX_THRESH, cs = S_TX_ACTIVE, ac = A_TX_FILL_FF, ns = S_TX_ACTIVE, ne = E_0NOP, al_s = 0 '\000', al_e = 0 '\000'},




p int_trace_array
 {time = 2426607, delta = 7353, ds = _TRANSMIT, ph_pend = 0 '\000', modem_pend = 0 '\000', chip_pend = 16 '\020'},
 {time = 2433960, delta = 4652, ds = _READY___, ph_pend = 2 '\002', modem_pend = 0 '\000', chip_pend = 0 '\000'},
 {time = 2438612, delta = 41493, ds = _RECEIVE_, ph_pend = 32 ' ', modem_pend = 0 '\000', chip_pend = 16 '\020'},
 {time = 2440116, delta = 1845, ds = _RECEIVE_, ph_pend = 0 '\000', modem_pend = 0 '\000', chip_pend = 16 '\020'},
 {time = 2440767, delta = 7865, ds = _RECEIVE_, ph_pend = 0 '\000', modem_pend = 8 '\b', chip_pend = 16 '\020'},
 {time = 2442053, delta = 7661, ds = _RECEIVE_, ph_pend = 0 '\000', modem_pend = 4 '\004', chip_pend = 0 '\000'},
 {time = 2442702, delta = 5248, ds = _RECEIVE_, ph_pend = 0 '\000', modem_pend = 4 '\004', chip_pend = 0 '\000'},
 {time = 2444004, delta = 1291, ds = _RECEIVE_, ph_pend = 0 '\000', modem_pend = 4 '\004', chip_pend = 0 '\000'},
 {time = 2485497, delta = 12894, ds = _TRANSMIT, ph_pend = 0 '\000', modem_pend = 2 '\002', chip_pend = 0 '\000'},
 {time = 2487342, delta = 7481, ds = _TRANSMIT, ph_pend = 0 '\000', modem_pend = 1 '\001', chip_pend = 0 '\000'},
 {time = 2495207, delta = 4760, ds = _READY___, ph_pend = 1 '\001', modem_pend = 0 '\000', chip_pend = 0 '\000'},
 {time = 2502868, delta = 39202, ds = _RECEIVE_, ph_pend = 1 '\001', modem_pend = 0 '\000', chip_pend = 0 '\000'},
 {time = 2508116, delta = 1825, ds = _RECEIVE_, ph_pend = 16 '\020', modem_pend = 0 '\000', chip_pend = 0 '\000'},
 {time = 2510789, delta = 7878, ds = _RECEIVE_, ph_pend = 0 '\000', modem_pend = 0 '\000', chip_pend = 16 '\020'},
 {time = 2512080, delta = 7702, ds = _RECEIVE_, ph_pend = 0 '\000', modem_pend = 4 '\004', chip_pend = 0 '\000'},
 {time = 2524974, delta = 5300, ds = _RECEIVE_, ph_pend = 2 '\002', modem_pend = 0 '\000', chip_pend = 16 '\020'},
 {time = 2526181, delta = 1316, ds = _RECEIVE_, ph_pend = 0 '\000', modem_pend = 0 '\000', chip_pend = 16 '\020'},
 {time = 2533662, delta = 12895, ds = _TRANSMIT, ph_pend = 2 '\002', modem_pend = 0 '\000', chip_pend = 0 '\000'},
 {time = 2538422, delta = 7427, ds = _TRANSMIT, ph_pend = 32 ' ', modem_pend = 0 '\000', chip_pend = 16 '\020'},
 {time = 2539926, delta = 4700, ds = _READY___, ph_pend = 0 '\000', modem_pend = 0 '\000', chip_pend = 16 '\020'},
 {time = 2540577, delta = 40201, ds = _RECEIVE_, ph_pend = 0 '\000', modem_pend = 8 '\b', chip_pend = 16 '\020'},
 {time = 2541888, delta = 1846, ds = _RECEIVE_, ph_pend = 0 '\000', modem_pend = 4 '\004', chip_pend = 0 '\000'},
 {time = 2542537, delta = 0, ds = _NO_STATE, ph_pend = 0 '\000', modem_pend = 4 '\004', chip_pend = 0 '\000'},
 {time = 2581739, delta = 0, ds = _NO_STATE, ph_pend = 0 '\000', modem_pend = 2 '\002', chip_pend = 0 '\000'},
 {time = 2583564, delta = 0, ds = _NO_STATE, ph_pend = 0 '\000', modem_pend = 1 '\001', chip_pend = 0 '\000'},
 {time = 2591442, delta = 0, ds = _NO_STATE, ph_pend = 1 '\001', modem_pend = 0 '\000', chip_pend = 0 '\000'}}
{{time = 2599144, delta = 7868, ds = _RECEIVE_, ph_pend = 1 '\001', modem_pend = 0 '\000', chip_pend = 0 '\000'},
 {time = 2604444, delta = 7683, ds = _RECEIVE_, ph_pend = 16 '\020', modem_pend = 0 '\000', chip_pend = 0 '\000'},
 {time = 2607142, delta = 5287, ds = _RECEIVE_, ph_pend = 0 '\000', modem_pend = 0 '\000', chip_pend = 16 '\020'},
 {time = 2608458, delta = 1315, ds = _RECEIVE_, ph_pend = 0 '\000', modem_pend = 4 '\004', chip_pend = 0 '\000'},
 {time = 2621353, delta = 12871, ds = _TRANSMIT, ph_pend = 2 '\002', modem_pend = 0 '\000', chip_pend = 16 '\020'},
 {time = 2622565, delta = 7410, ds = _TRANSMIT, ph_pend = 0 '\000', modem_pend = 0 '\000', chip_pend = 16 '\020'},
 {time = 2629992, delta = 4689, ds = _READY___, ph_pend = 2 '\002', modem_pend = 0 '\000', chip_pend = 0 '\000'},
 {time = 2634692, delta = 42805, ds = _RECEIVE_, ph_pend = 32 ' ', modem_pend = 0 '\000', chip_pend = 16 '\020'},
 {time = 2636196, delta = 1825, ds = _RECEIVE_, ph_pend = 0 '\000', modem_pend = 0 '\000', chip_pend = 16 '\020'},
 {time = 2636847, delta = 7881, ds = _RECEIVE_, ph_pend = 0 '\000', modem_pend = 8 '\b', chip_pend = 16 '\020'},
 {time = 2638158, delta = 7701, ds = _RECEIVE_, ph_pend = 0 '\000', modem_pend = 4 '\004', chip_pend = 0 '\000'},
 {time = 2638807, delta = 5301, ds = _RECEIVE_, ph_pend = 0 '\000', modem_pend = 4 '\004', chip_pend = 0 '\000'},
 {time = 2679008, delta = 1311, ds = _RECEIVE_, ph_pend = 0 '\000', modem_pend = 2 '\002', chip_pend = 0 '\000'},
 {time = 2680854, delta = 12895, ds = _TRANSMIT, ph_pend = 0 '\000', modem_pend = 1 '\001', chip_pend = 0 '\000'},
 {time = 2688722, delta = 7435, ds = _TRANSMIT, ph_pend = 1 '\001', modem_pend = 0 '\000', chip_pend = 0 '\000'},
 {time = 2696405, delta = 7877, ds = _RECEIVE_, ph_pend = 1 '\001', modem_pend = 0 '\000', chip_pend = 0 '\000'},
 {time = 2701692, delta = 7701, ds = _RECEIVE_, ph_pend = 16 '\020', modem_pend = 0 '\000', chip_pend = 0 '\000'},
 {time = 2704391, delta = 5301, ds = _RECEIVE_, ph_pend = 0 '\000', modem_pend = 0 '\000', chip_pend = 16 '\020'},
 {time = 2705706, delta = 1315, ds = _RECEIVE_, ph_pend = 0 '\000', modem_pend = 4 '\004', chip_pend = 0 '\000'},
 {time = 2718577, delta = 12870, ds = _TRANSMIT, ph_pend = 2 '\002', modem_pend = 0 '\000', chip_pend = 16 '\020'},
 {time = 2719784, delta = 7412, ds = _TRANSMIT, ph_pend = 0 '\000', modem_pend = 0 '\000', chip_pend = 16 '\020'},
 {time = 2727194, delta = 4689, ds = _READY___, ph_pend = 2 '\002', modem_pend = 0 '\000', chip_pend = 0 '\000'},
 {time = 2731883, delta = 40091, ds = _RECEIVE_, ph_pend = 32 ' ', modem_pend = 0 '\000', chip_pend = 16 '\020'},
 {time = 2733386, delta = 1843, ds = _RECEIVE_, ph_pend = 0 '\000', modem_pend = 0 '\000', chip_pend = 16 '\020'},
 {time = 2734038, delta = 7893, ds = _RECEIVE_, ph_pend = 0 '\000', modem_pend = 8 '\b', chip_pend = 16 '\020'},
 {time = 2735324, delta = 7702, ds = _RECEIVE_, ph_pend = 0 '\000', modem_pend = 4 '\004', chip_pend = 0 '\000'},
 {time = 2735998, delta = 5301, ds = _RECEIVE_, ph_pend = 0 '\000', modem_pend = 4 '\004', chip_pend = 0 '\000'},
 {time = 2778803, delta = 1316, ds = _RECEIVE_, ph_pend = 0 '\000', modem_pend = 2 '\002', chip_pend = 0 '\000'},
 {time = 2780628, delta = 12871, ds = _TRANSMIT, ph_pend = 0 '\000', modem_pend = 1 '\001', chip_pend = 0 '\000'},
 {time = 2788509, delta = 7411, ds = _TRANSMIT, ph_pend = 1 '\001', modem_pend = 0 '\000', chip_pend = 0 '\000'},
 {time = 2796210, delta = 4711, ds = _READY___, ph_pend = 1 '\001', modem_pend = 0 '\000', chip_pend = 0 '\000'},
 {time = 2801511, delta = 40485, ds = _RECEIVE_, ph_pend = 16 '\020', modem_pend = 0 '\000', chip_pend = 0 '\000'},
 {time = 2804209, delta = 1845, ds = _RECEIVE_, ph_pend = 0 '\000', modem_pend = 0 '\000', chip_pend = 16 '\020'},
 {time = 2805524, delta = 7863, ds = _RECEIVE_, ph_pend = 0 '\000', modem_pend = 4 '\004', chip_pend = 0 '\000'},
 {time = 2806835, delta = 7682, ds = _RECEIVE_, ph_pend = 0 '\000', modem_pend = 4 '\004', chip_pend = 0 '\000'},
 {time = 2819730, delta = 5287, ds = _RECEIVE_, ph_pend = 2 '\002', modem_pend = 0 '\000', chip_pend = 16 '\020'},
 {time = 2820937, delta = 1315, ds = _RECEIVE_, ph_pend = 0 '\000', modem_pend = 0 '\000', chip_pend = 16 '\020'},
 {time = 2828372, delta = 12874, ds = _TRANSMIT, ph_pend = 2 '\002', modem_pend = 0 '\000', chip_pend = 0 '\000'},

p rps
 {ts = 2542033, cts = 255 '\377', irqn = 16 '\020', csn = 128 '\200', ds = RC_RECEIVE, ph = 0 '\000', modem = 0 '\000', rssi = 72 'H', r = 0 '\000'},
 {ts = 2581235, cts = 255 '\377', irqn = 0 '\000', csn = 128 '\200', ds = RC_RECEIVE, ph = 0 '\000', modem = 2 '\002', rssi = 72 'H', r = 0 '\000'},
 {ts = 2581939, cts = 255 '\377', irqn = 16 '\020', csn = 128 '\200', ds = RC_RECEIVE, ph = 0 '\000', modem = 0 '\000', rssi = 72 'H', r = 0 '\000'},
 {ts = 2583060, cts = 255 '\377', irqn = 0 '\000', csn = 128 '\200', ds = RC_RECEIVE, ph = 0 '\000', modem = 1 '\001', rssi = 72 'H', r = 0 '\000'},
 {ts = 2583800, cts = 255 '\377', irqn = 16 '\020', csn = 128 '\200', ds = RC_RECEIVE, ph = 0 '\000', modem = 0 '\000', rssi = 72 'H', r = 0 '\000'},
 {ts = 2590937, cts = 255 '\377', irqn = 0 '\000', csn = 128 '\200', ds = RC_RECEIVE, ph = 1 '\001', modem = 0 '\000', rssi = 72 'H', r = 0 '\000'},
 {ts = 2592608, cts = 255 '\377', irqn = 16 '\020', csn = 128 '\200', ds = RC_RECEIVE, ph = 0 '\000', modem = 0 '\000', rssi = 72 'H', r = 0 '\000'},
 {ts = 2598639, cts = 255 '\377', irqn = 0 '\000', csn = 128 '\200', ds = RC_RECEIVE, ph = 1 '\001', modem = 0 '\000', rssi = 72 'H', r = 0 '\000'},
 {ts = 2600299, cts = 255 '\377', irqn = 16 '\020', csn = 128 '\200', ds = RC_RECEIVE, ph = 0 '\000', modem = 0 '\000', rssi = 72 'H', r = 0 '\000'}}
{{ts = 2603939, cts = 255 '\377', irqn = 0 '\000', csn = 128 '\200', ds = RC_RECEIVE, ph = 16 '\020', modem = 0 '\000', rssi = 72 'H', r = 0 '\000'},
 {ts = 2606638, cts = 255 '\377', irqn = 16 '\020', csn = 128 '\200', ds = RC_RECEIVE, ph = 0 '\000', modem = 0 '\000', rssi = 0 '\000', r = 0 '\000'},
 {ts = 2607292, cts = 255 '\377', irqn = 16 '\020', csn = 128 '\200', ds = RC_RECEIVE, ph = 0 '\000', modem = 0 '\000', rssi = 63 '?', r = 0 '\000'},
 {ts = 2607953, cts = 255 '\377', irqn = 0 '\000', csn = 128 '\200', ds = RC_RECEIVE, ph = 0 '\000', modem = 4 '\004', rssi = 63 '?', r = 0 '\000'},
 {ts = 2608603, cts = 255 '\377', irqn = 16 '\020', csn = 128 '\200', ds = RC_RECEIVE, ph = 0 '\000', modem = 0 '\000', rssi = 63 '?', r = 0 '\000'},
 {ts = 2620873, cts = 255 '\377', irqn = 0 '\000', csn = 128 '\200', ds = RC_TRANSMIT, ph = 2 '\002', modem = 0 '\000', rssi = 63 '?', r = 0 '\000'},
 {ts = 2622711, cts = 255 '\377', irqn = 16 '\020', csn = 128 '\200', ds = RC_TRANSMIT, ph = 0 '\000', modem = 0 '\000', rssi = 63 '?', r = 0 '\000'},
 {ts = 2629513, cts = 255 '\377', irqn = 0 '\000', csn = 128 '\200', ds = RC_TRANSMIT, ph = 2 '\002', modem = 0 '\000', rssi = 63 '?', r = 0 '\000'},
 {ts = 2630716, cts = 255 '\377', irqn = 16 '\020', csn = 128 '\200', ds = RC_TRANSMIT, ph = 0 '\000', modem = 0 '\000', rssi = 63 '?', r = 0 '\000'},
 {ts = 2634213, cts = 255 '\377', irqn = 0 '\000', csn = 128 '\200', ds = RC_READY, ph = 32 ' ', modem = 0 '\000', rssi = 63 '?', r = 0 '\000'},
 {ts = 2636343, cts = 255 '\377', irqn = 0 '\000', csn = 128 '\200', ds = RC_RECEIVE, ph = 0 '\000', modem = 8 '\b', rssi = 0 '\000', r = 0 '\000'},
 {ts = 2636992, cts = 255 '\377', irqn = 16 '\020', csn = 128 '\200', ds = RC_RECEIVE, ph = 0 '\000', modem = 0 '\000', rssi = 56 '8', r = 0 '\000'},
 {ts = 2637654, cts = 255 '\377', irqn = 0 '\000', csn = 128 '\200', ds = RC_RECEIVE, ph = 0 '\000', modem = 4 '\004', rssi = 56 '8', r = 0 '\000'},
 {ts = 2638303, cts = 255 '\377', irqn = 16 '\020', csn = 128 '\200', ds = RC_RECEIVE, ph = 0 '\000', modem = 0 '\000', rssi = 56 '8', r = 0 '\000'},
 {ts = 2678504, cts = 255 '\377', irqn = 0 '\000', csn = 128 '\200', ds = RC_RECEIVE, ph = 0 '\000', modem = 2 '\002', rssi = 56 '8', r = 0 '\000'},
 {ts = 2679208, cts = 255 '\377', irqn = 16 '\020', csn = 128 '\200', ds = RC_RECEIVE, ph = 0 '\000', modem = 0 '\000', rssi = 56 '8', r = 0 '\000'},
 {ts = 2680349, cts = 255 '\377', irqn = 0 '\000', csn = 128 '\200', ds = RC_RECEIVE, ph = 0 '\000', modem = 1 '\001', rssi = 56 '8', r = 0 '\000'},
 {ts = 2681090, cts = 255 '\377', irqn = 16 '\020', csn = 128 '\200', ds = RC_RECEIVE, ph = 0 '\000', modem = 0 '\000', rssi = 56 '8', r = 0 '\000'},
 {ts = 2688217, cts = 255 '\377', irqn = 0 '\000', csn = 128 '\200', ds = RC_RECEIVE, ph = 1 '\001', modem = 0 '\000', rssi = 56 '8', r = 0 '\000'},
 {ts = 2689888, cts = 255 '\377', irqn = 16 '\020', csn = 128 '\200', ds = RC_RECEIVE, ph = 0 '\000', modem = 0 '\000', rssi = 56 '8', r = 0 '\000'},
 {ts = 2695901, cts = 255 '\377', irqn = 0 '\000', csn = 128 '\200', ds = RC_RECEIVE, ph = 1 '\001', modem = 0 '\000', rssi = 56 '8', r = 0 '\000'},
 {ts = 2697561, cts = 255 '\377', irqn = 16 '\020', csn = 128 '\200', ds = RC_RECEIVE, ph = 0 '\000', modem = 0 '\000', rssi = 56 '8', r = 0 '\000'},
 {ts = 2701188, cts = 255 '\377', irqn = 0 '\000', csn = 128 '\200', ds = RC_RECEIVE, ph = 16 '\020', modem = 0 '\000', rssi = 56 '8', r = 0 '\000'},
 {ts = 2703887, cts = 255 '\377', irqn = 16 '\020', csn = 128 '\200', ds = RC_RECEIVE, ph = 0 '\000', modem = 0 '\000', rssi = 0 '\000', r = 0 '\000'},
 {ts = 2704540, cts = 255 '\377', irqn = 16 '\020', csn = 128 '\200', ds = RC_RECEIVE, ph = 0 '\000', modem = 0 '\000', rssi = 60 '<', r = 0 '\000'},
 {ts = 2705202, cts = 255 '\377', irqn = 0 '\000', csn = 128 '\200', ds = RC_RECEIVE, ph = 0 '\000', modem = 4 '\004', rssi = 60 '<', r = 0 '\000'},
 {ts = 2705851, cts = 255 '\377', irqn = 16 '\020', csn = 128 '\200', ds = RC_RECEIVE, ph = 0 '\000', modem = 0 '\000', rssi = 60 '<', r = 0 '\000'},
 {ts = 2718098, cts = 255 '\377', irqn = 0 '\000', csn = 128 '\200', ds = RC_TRANSMIT, ph = 2 '\002', modem = 0 '\000', rssi = 60 '<', r = 0 '\000'},
 {ts = 2719929, cts = 255 '\377', irqn = 16 '\020', csn = 128 '\200', ds = RC_TRANSMIT, ph = 0 '\000', modem = 0 '\000', rssi = 60 '<', r = 0 '\000'},
 {ts = 2726715, cts = 255 '\377', irqn = 0 '\000', csn = 128 '\200', ds = RC_TRANSMIT, ph = 2 '\002', modem = 0 '\000', rssi = 60 '<', r = 0 '\000'},
 {ts = 2727918, cts = 255 '\377', irqn = 16 '\020', csn = 128 '\200', ds = RC_TRANSMIT, ph = 0 '\000', modem = 0 '\000', rssi = 60 '<', r = 0 '\000'},
 {ts = 2731403, cts = 255 '\377', irqn = 0 '\000', csn = 128 '\200', ds = RC_READY, ph = 32 ' ', modem = 0 '\000', rssi = 60 '<', r = 0 '\000'},
 {ts = 2733533, cts = 255 '\377', irqn = 0 '\000', csn = 128 '\200', ds = RC_RECEIVE, ph = 0 '\000', modem = 8 '\b', rssi = 0 '\000', r = 0 '\000'},
 {ts = 2734182, cts = 255 '\377', irqn = 16 '\020', csn = 128 '\200', ds = RC_RECEIVE, ph = 0 '\000', modem = 0 '\000', rssi = 58 ':', r = 0 '\000'},
 {ts = 2734819, cts = 255 '\377', irqn = 0 '\000', csn = 128 '\200', ds = RC_RECEIVE, ph = 0 '\000', modem = 4 '\004', rssi = 58 ':', r = 0 '\000'},
 {ts = 2735469, cts = 255 '\377', irqn = 16 '\020', csn = 128 '\200', ds = RC_RECEIVE, ph = 0 '\000', modem = 0 '\000', rssi = 58 ':', r = 0 '\000'},
 {ts = 2778299, cts = 255 '\377', irqn = 0 '\000', csn = 128 '\200', ds = RC_RECEIVE, ph = 0 '\000', modem = 2 '\002', rssi = 58 ':', r = 0 '\000'},
 {ts = 2779003, cts = 255 '\377', irqn = 16 '\020', csn = 128 '\200', ds = RC_RECEIVE, ph = 0 '\000', modem = 0 '\000', rssi = 58 ':', r = 0 '\000'},
 {ts = 2780124, cts = 255 '\377', irqn = 0 '\000', csn = 128 '\200', ds = RC_RECEIVE, ph = 0 '\000', modem = 1 '\001', rssi = 58 ':', r = 0 '\000'},
 {ts = 2780864, cts = 255 '\377', irqn = 16 '\020', csn = 128 '\200', ds = RC_RECEIVE, ph = 0 '\000', modem = 0 '\000', rssi = 58 ':', r = 0 '\000'},
 {ts = 2788005, cts = 255 '\377', irqn = 0 '\000', csn = 128 '\200', ds = RC_RECEIVE, ph = 1 '\001', modem = 0 '\000', rssi = 58 ':', r = 0 '\000'},
 {ts = 2789675, cts = 255 '\377', irqn = 16 '\020', csn = 128 '\200', ds = RC_RECEIVE, ph = 0 '\000', modem = 0 '\000', rssi = 58 ':', r = 0 '\000'},
 {ts = 2795706, cts = 255 '\377', irqn = 0 '\000', csn = 128 '\200', ds = RC_RECEIVE, ph = 1 '\001', modem = 0 '\000', rssi = 58 ':', r = 0 '\000'},
 {ts = 2797365, cts = 255 '\377', irqn = 16 '\020', csn = 128 '\200', ds = RC_RECEIVE, ph = 0 '\000', modem = 0 '\000', rssi = 58 ':', r = 0 '\000'},
 {ts = 2801006, cts = 255 '\377', irqn = 0 '\000', csn = 128 '\200', ds = RC_RECEIVE, ph = 16 '\020', modem = 0 '\000', rssi = 58 ':', r = 0 '\000'},
 {ts = 2803705, cts = 255 '\377', irqn = 16 '\020', csn = 128 '\200', ds = RC_RECEIVE, ph = 0 '\000', modem = 0 '\000', rssi = 0 '\000', r = 0 '\000'},
 {ts = 2804358, cts = 255 '\377', irqn = 16 '\020', csn = 128 '\200', ds = RC_RECEIVE, ph = 0 '\000', modem = 0 '\000', rssi = 60 '<', r = 0 '\000'},
 {ts = 2805020, cts = 255 '\377', irqn = 0 '\000', csn = 128 '\200', ds = RC_RECEIVE, ph = 0 '\000', modem = 4 '\004', rssi = 60 '<', r = 0 '\000'},
 {ts = 2805669, cts = 255 '\377', irqn = 16 '\020', csn = 128 '\200', ds = RC_RECEIVE, ph = 0 '\000', modem = 0 '\000', rssi = 60 '<', r = 0 '\000'},
 {ts = 2806331, cts = 255 '\377', irqn = 0 '\000', csn = 128 '\200', ds = RC_RECEIVE, ph = 0 '\000', modem = 4 '\004', rssi = 60 '<', r = 0 '\000'},
 {ts = 2806980, cts = 255 '\377', irqn = 16 '\020', csn = 128 '\200', ds = RC_RECEIVE, ph = 0 '\000', modem = 0 '\000', rssi = 60 '<', r = 0 '\000'},
 {ts = 2819251, cts = 255 '\377', irqn = 0 '\000', csn = 128 '\200', ds = RC_TRANSMIT, ph = 2 '\002', modem = 0 '\000', rssi = 60 '<', r = 0 '\000'},
 {ts = 2821082, cts = 255 '\377', irqn = 16 '\020', csn = 128 '\200', ds = RC_TRANSMIT, ph = 0 '\000', modem = 0 '\000', rssi = 60 '<', r = 0 '\000'},
 {ts = 2827893, cts = 255 '\377', irqn = 0 '\000', csn = 128 '\200', ds = RC_TRANSMIT, ph = 2 '\002', modem = 0 '\000', rssi = 60 '<', r = 0 '\000'},
 {ts = 2829096, cts = 255 '\377', irqn = 16 '\020', csn = 128 '\200', ds = RC_TRANSMIT, ph = 0 '\000', modem = 0 '\000', rssi = 60 '<', r = 0 '\000'},


p trace_buf
 {stamp = 2778437, where = T_RC_SEND_CMD, arg0 = 32, arg1 = 17},
 {stamp = 2778624, where = T_RC_GET_REPLY, arg0 = 32, arg1 = 110},
 {stamp = 2778702, where = T_RC_CMD_REPLY, arg0 = 32, arg1 = 282},
 {stamp = 2778733, where = T_DL_INTERRUPT, arg0 = 0, arg1 = 512},
 {stamp = 2778861, where = T_DL_TRANS_ST, arg0 = 6, arg1 = 5},
 {stamp = 2779141, where = T_RC_SEND_CMD, arg0 = 32, arg1 = 17},
 {stamp = 2779328, where = T_RC_GET_REPLY, arg0 = 32, arg1 = 110},
 {stamp = 2779406, where = T_RC_CMD_REPLY, arg0 = 32, arg1 = 282},
 {stamp = 2780017, where = T_RC_INTERRUPT, arg0 = 2048, arg1 = 314},
 {stamp = 2780262, where = T_RC_SEND_CMD, arg0 = 32, arg1 = 17},
 {stamp = 2780449, where = T_RC_GET_REPLY, arg0 = 32, arg1 = 109},
 {stamp = 2780527, where = T_RC_CMD_REPLY, arg0 = 32, arg1 = 282},
 {stamp = 2780558, where = T_DL_INTERRUPT, arg0 = 0, arg1 = 256},
 {stamp = 2780686, where = T_DL_TRANS_ST, arg0 = 9, arg1 = 5},
 {stamp = 2781003, where = T_RC_SEND_CMD, arg0 = 32, arg1 = 17},
 {stamp = 2781214, where = T_RC_GET_REPLY, arg0 = 32, arg1 = 109},
 {stamp = 2781293, where = T_RC_CMD_REPLY, arg0 = 32, arg1 = 307},
 {stamp = 2787898, where = T_RC_INTERRUPT, arg0 = 2049, arg1 = 58},
 {stamp = 2788143, where = T_RC_SEND_CMD, arg0 = 32, arg1 = 17},
 {stamp = 2788330, where = T_RC_GET_REPLY, arg0 = 32, arg1 = 109},
 {stamp = 2788408, where = T_RC_CMD_REPLY, arg0 = 32, arg1 = 282},
 {stamp = 2788439, where = T_DL_INTERRUPT, arg0 = 1, arg1 = 0},
 {stamp = 2788570, where = T_DL_TRANS_ST, arg0 = 7, arg1 = 4},
 {stamp = 2788703, where = T_RC_SEND_CMD, arg0 = 21, arg1 = 28},
 {stamp = 2788802, where = T_RC_GET_REPLY, arg0 = 21, arg1 = 47},
 {stamp = 2788880, where = T_RC_CMD_REPLY, arg0 = 21, arg1 = 205},
 {stamp = 2788986, where = T_RC_FIFO_INFO, arg0 = 49, arg1 = 64},
 {stamp = 2789550, where = T_RC_READ_RX_FF, arg0 = 0, arg1 = 0},
 {stamp = 2789813, where = T_RC_SEND_CMD, arg0 = 32, arg1 = 17},
 {stamp = 2790000, where = T_RC_GET_REPLY, arg0 = 32, arg1 = 110},
 {stamp = 2790078, where = T_RC_CMD_REPLY, arg0 = 32, arg1 = 281},
 {stamp = 2795599, where = T_RC_INTERRUPT, arg0 = 2049, arg1 = 58},
 {stamp = 2795844, where = T_RC_SEND_CMD, arg0 = 32, arg1 = 17},
 {stamp = 2796031, where = T_RC_GET_REPLY, arg0 = 32, arg1 = 109},
 {stamp = 2796109, where = T_RC_CMD_REPLY, arg0 = 32, arg1 = 282},
 {stamp = 2796140, where = T_DL_INTERRUPT, arg0 = 1, arg1 = 0},
 {stamp = 2796271, where = T_DL_TRANS_ST, arg0 = 7, arg1 = 4},
 {stamp = 2796404, where = T_RC_SEND_CMD, arg0 = 21, arg1 = 28},
 {stamp = 2796503, where = T_RC_GET_REPLY, arg0 = 21, arg1 = 47},
 {stamp = 2796581, where = T_RC_CMD_REPLY, arg0 = 21, arg1 = 205},
 {stamp = 2796687, where = T_RC_FIFO_INFO, arg0 = 48, arg1 = 64},
 {stamp = 2797240, where = T_RC_READ_RX_FF, arg0 = 0, arg1 = 0},
 {stamp = 2797503, where = T_RC_SEND_CMD, arg0 = 32, arg1 = 17},
 {stamp = 2797690, where = T_RC_GET_REPLY, arg0 = 32, arg1 = 110},
 {stamp = 2797768, where = T_RC_CMD_REPLY, arg0 = 32, arg1 = 282},
 {stamp = 2800900, where = T_RC_INTERRUPT, arg0 = 2064, arg1 = 58},
 {stamp = 2801145, where = T_RC_SEND_CMD, arg0 = 32, arg1 = 17},
 {stamp = 2801331, where = T_RC_GET_REPLY, arg0 = 32, arg1 = 109},
 {stamp = 2801410, where = T_RC_CMD_REPLY, arg0 = 32, arg1 = 282},
 {stamp = 2801441, where = T_DL_INTERRUPT, arg0 = 16, arg1 = 0},
 {stamp = 2801571, where = T_DL_TRANS_ST, arg0 = 4, arg1 = 4},
 {stamp = 2801693, where = T_RC_SEND_CMD, arg0 = 22, arg1 = 17},
 {stamp = 2801791, where = T_RC_GET_REPLY, arg0 = 22, arg1 = 46},
 {stamp = 2801870, where = T_RC_CMD_REPLY, arg0 = 22, arg1 = 194},
 {stamp = 2801892, where = T_RC_GET_PKT_INF, arg0 = 0, arg1 = 127},
 {stamp = 2802005, where = T_RC_SEND_CMD, arg0 = 21, arg1 = 28},
 {stamp = 2802104, where = T_RC_GET_REPLY, arg0 = 21, arg1 = 47},
 {stamp = 2802182, where = T_RC_CMD_REPLY, arg0 = 21, arg1 = 204},
 {stamp = 2802288, where = T_RC_FIFO_INFO, arg0 = 31, arg1 = 64},
 {stamp = 2802659, where = T_RC_READ_RX_FF, arg0 = 0, arg1 = 0},
 {stamp = 2802795, where = T_RC_SEND_CMD, arg0 = 21, arg1 = 28},
 {stamp = 2802894, where = T_RC_GET_REPLY, arg0 = 21, arg1 = 47},
 {stamp = 2802972, where = T_RC_CMD_REPLY, arg0 = 21, arg1 = 205},
 {stamp = 2803076, where = T_RC_FIFO_INFO, arg0 = 65535, arg1 = 65535},
 {stamp = 2803171, where = T_RC_SEND_CMD, arg0 = 32, arg1 = 17},
 {stamp = 2803342, where = T_RC_SEND_CMD, arg0 = 50, arg1 = 93},
 {stamp = 2803843, where = T_RC_SEND_CMD, arg0 = 32, arg1 = 17},
 {stamp = 2804030, where = T_RC_GET_REPLY, arg0 = 32, arg1 = 110},
 {stamp = 2804108, where = T_RC_CMD_REPLY, arg0 = 32, arg1 = 282},
 {stamp = 2804139, where = T_DL_INTERRUPT, arg0 = 0, arg1 = 16},
 {stamp = 2804497, where = T_RC_SEND_CMD, arg0 = 32, arg1 = 17},
 {stamp = 2804683, where = T_RC_GET_REPLY, arg0 = 32, arg1 = 109},
 {stamp = 2804762, where = T_RC_CMD_REPLY, arg0 = 32, arg1 = 282},
 {stamp = 2804913, where = T_RC_INTERRUPT, arg0 = 2048, arg1 = 1084},
 {stamp = 2805158, where = T_RC_SEND_CMD, arg0 = 32, arg1 = 17},
 {stamp = 2805345, where = T_RC_GET_REPLY, arg0 = 32, arg1 = 110},
 {stamp = 2805423, where = T_RC_CMD_REPLY, arg0 = 32, arg1 = 281},
 {stamp = 2805454, where = T_DL_INTERRUPT, arg0 = 0, arg1 = 1024},
 {stamp = 2805807, where = T_RC_SEND_CMD, arg0 = 32, arg1 = 17},
 {stamp = 2805994, where = T_RC_GET_REPLY, arg0 = 32, arg1 = 110},
 {stamp = 2806072, where = T_RC_CMD_REPLY, arg0 = 32, arg1 = 282},
 {stamp = 2806224, where = T_RC_INTERRUPT, arg0 = 2048, arg1 = 1084},
 {stamp = 2806469, where = T_RC_SEND_CMD, arg0 = 32, arg1 = 17},
 {stamp = 2806656, where = T_RC_GET_REPLY, arg0 = 32, arg1 = 110},
 {stamp = 2806734, where = T_RC_CMD_REPLY, arg0 = 32, arg1 = 282},
 {stamp = 2806765, where = T_DL_INTERRUPT, arg0 = 0, arg1 = 1024},
 {stamp = 2807118, where = T_RC_SEND_CMD, arg0 = 32, arg1 = 17},
 {stamp = 2807305, where = T_RC_GET_REPLY, arg0 = 32, arg1 = 110},
 {stamp = 2807383, where = T_RC_CMD_REPLY, arg0 = 32, arg1 = 282},
 {stamp = 2807468, where = T_DL_TRANS_ST, arg0 = 10, arg1 = 5},
 {stamp = 2807620, where = T_RC_SEND_CMD, arg0 = 52, arg1 = 28},
 {stamp = 2807747, where = T_RC_CHG_STATE, arg0 = 8, arg1 = 3},
 {stamp = 2807842, where = T_RC_SEND_CMD, arg0 = 32, arg1 = 17},
 {stamp = 2807956, where = T_RC_SEND_CMD, arg0 = 21, arg1 = 28},
 {stamp = 2808055, where = T_RC_GET_REPLY, arg0 = 21, arg1 = 47},
 {stamp = 2808133, where = T_RC_CMD_REPLY, arg0 = 21, arg1 = 204},
 {stamp = 2808239, where = T_RC_FIFO_INFO, arg0 = 0, arg1 = 64},
 {stamp = 2808935, where = T_RC_WRITE_TX_FF, arg0 = 0, arg1 = 0},
 {stamp = 2809076, where = T_RC_SEND_CMD, arg0 = 49, arg1 = 60},
 {stamp = 2819144, where = T_RC_INTERRUPT, arg0 = 1794, arg1 = 60},
 {stamp = 2819389, where = T_RC_SEND_CMD, arg0 = 32, arg1 = 17},
 {stamp = 2819551, where = T_RC_GET_REPLY, arg0 = 32, arg1 = 110},
 {stamp = 2819629, where = T_RC_CMD_REPLY, arg0 = 32, arg1 = 257},
 {stamp = 2819660, where = T_DL_INTERRUPT, arg0 = 2, arg1 = 16},
 {stamp = 2819793, where = T_DL_TRANS_ST, arg0 = 13, arg1 = 7},
 {stamp = 2819926, where = T_RC_SEND_CMD, arg0 = 21, arg1 = 28},
 {stamp = 2820025, where = T_RC_GET_REPLY, arg0 = 21, arg1 = 47},
 {stamp = 2820103, where = T_RC_CMD_REPLY, arg0 = 21, arg1 = 205},
 {stamp = 2820209, where = T_RC_FIFO_INFO, arg0 = 0, arg1 = 56},
 {stamp = 2820822, where = T_RC_WRITE_TX_FF, arg0 = 0, arg1 = 0},
 {stamp = 2820867, where = T_DL_INTERRUPT, arg0 = 0, arg1 = 16},
 {stamp = 2821221, where = T_RC_SEND_CMD, arg0 = 32, arg1 = 17},
 {stamp = 2821383, where = T_RC_GET_REPLY, arg0 = 32, arg1 = 109},
 {stamp = 2821461, where = T_RC_CMD_REPLY, arg0 = 32, arg1 = 257},
 {stamp = 2827786, where = T_RC_INTERRUPT, arg0 = 1794, arg1 = 60}}
{{stamp = 2828031, where = T_RC_SEND_CMD, arg0 = 32, arg1 = 17},
 {stamp = 2828193, where = T_RC_GET_REPLY, arg0 = 32, arg1 = 110},
 {stamp = 2828271, where = T_RC_CMD_REPLY, arg0 = 32, arg1 = 257},
 {stamp = 2828302, where = T_DL_INTERRUPT, arg0 = 2, arg1 = 0},
 {stamp = 2828435, where = T_DL_TRANS_ST, arg0 = 13, arg1 = 7},
 {stamp = 2828568, where = T_RC_SEND_CMD, arg0 = 21, arg1 = 28},
 {stamp = 2828667, where = T_RC_GET_REPLY, arg0 = 21, arg1 = 47},
 {stamp = 2828745, where = T_RC_CMD_REPLY, arg0 = 21, arg1 = 204},
 {stamp = 2828851, where = T_RC_FIFO_INFO, arg0 = 0, arg1 = 54},
 {stamp = 2828972, where = T_RC_WRITE_TX_FF, arg0 = 0, arg1 = 0},
 {stamp = 2829234, where = T_RC_SEND_CMD, arg0 = 32, arg1 = 17},
 {stamp = 2829396, where = T_RC_GET_REPLY, arg0 = 32, arg1 = 110},
 {stamp = 2829474, where = T_RC_CMD_REPLY, arg0 = 32, arg1 = 257},

p/x trace_buf
 {stamp = 0x2a6545, where = 0x10f, arg0 = 0x20, arg1 = 0x11},
 {stamp = 0x2a6600, where = 0x10b, arg0 = 0x20, arg1 = 0x6e},
 {stamp = 0x2a664e, where = 0x103, arg0 = 0x20, arg1 = 0x11a},
 {stamp = 0x2a666d, where = 0x200, arg0 = 0x0, arg1 = 0x200},
 {stamp = 0x2a66ed, where = 0x201, arg0 = 0x6, arg1 = 0x5},
 {stamp = 0x2a6805, where = 0x10f, arg0 = 0x20, arg1 = 0x11},
 {stamp = 0x2a68c0, where = 0x10b, arg0 = 0x20, arg1 = 0x6e},
 {stamp = 0x2a690e, where = 0x103, arg0 = 0x20, arg1 = 0x11a},
 {stamp = 0x2a6b71, where = 0x100, arg0 = 0x800, arg1 = 0x13a},
 {stamp = 0x2a6c66, where = 0x10f, arg0 = 0x20, arg1 = 0x11},
 {stamp = 0x2a6d21, where = 0x10b, arg0 = 0x20, arg1 = 0x6d},
 {stamp = 0x2a6d6f, where = 0x103, arg0 = 0x20, arg1 = 0x11a},
 {stamp = 0x2a6d8e, where = 0x200, arg0 = 0x0, arg1 = 0x100},
 {stamp = 0x2a6e0e, where = 0x201, arg0 = 0x9, arg1 = 0x5},
 {stamp = 0x2a6f4b, where = 0x10f, arg0 = 0x20, arg1 = 0x11},
 {stamp = 0x2a701e, where = 0x10b, arg0 = 0x20, arg1 = 0x6d},
 {stamp = 0x2a706d, where = 0x103, arg0 = 0x20, arg1 = 0x133},
 {stamp = 0x2a8a3a, where = 0x100, arg0 = 0x801, arg1 = 0x3a},
 {stamp = 0x2a8b2f, where = 0x10f, arg0 = 0x20, arg1 = 0x11},
 {stamp = 0x2a8bea, where = 0x10b, arg0 = 0x20, arg1 = 0x6d},
 {stamp = 0x2a8c38, where = 0x103, arg0 = 0x20, arg1 = 0x11a},
 {stamp = 0x2a8c57, where = 0x200, arg0 = 0x1, arg1 = 0x0},
 {stamp = 0x2a8cda, where = 0x201, arg0 = 0x7, arg1 = 0x4},
 {stamp = 0x2a8d5f, where = 0x10f, arg0 = 0x15, arg1 = 0x1c},
 {stamp = 0x2a8dc2, where = 0x10b, arg0 = 0x15, arg1 = 0x2f},
 {stamp = 0x2a8e10, where = 0x103, arg0 = 0x15, arg1 = 0xcd},
 {stamp = 0x2a8e7a, where = 0x10a, arg0 = 0x31, arg1 = 0x40},
 {stamp = 0x2a90ae, where = 0x10e, arg0 = 0x0, arg1 = 0x0},
 {stamp = 0x2a91b5, where = 0x10f, arg0 = 0x20, arg1 = 0x11},
 {stamp = 0x2a9270, where = 0x10b, arg0 = 0x20, arg1 = 0x6e},
 {stamp = 0x2a92be, where = 0x103, arg0 = 0x20, arg1 = 0x119},
 {stamp = 0x2aa84f, where = 0x100, arg0 = 0x801, arg1 = 0x3a},
 {stamp = 0x2aa944, where = 0x10f, arg0 = 0x20, arg1 = 0x11},
 {stamp = 0x2aa9ff, where = 0x10b, arg0 = 0x20, arg1 = 0x6d},
 {stamp = 0x2aaa4d, where = 0x103, arg0 = 0x20, arg1 = 0x11a},
 {stamp = 0x2aaa6c, where = 0x200, arg0 = 0x1, arg1 = 0x0},
 {stamp = 0x2aaaef, where = 0x201, arg0 = 0x7, arg1 = 0x4},
 {stamp = 0x2aab74, where = 0x10f, arg0 = 0x15, arg1 = 0x1c},
 {stamp = 0x2aabd7, where = 0x10b, arg0 = 0x15, arg1 = 0x2f},
 {stamp = 0x2aac25, where = 0x103, arg0 = 0x15, arg1 = 0xcd},
 {stamp = 0x2aac8f, where = 0x10a, arg0 = 0x30, arg1 = 0x40},
 {stamp = 0x2aaeb8, where = 0x10e, arg0 = 0x0, arg1 = 0x0},
 {stamp = 0x2aafbf, where = 0x10f, arg0 = 0x20, arg1 = 0x11},
 {stamp = 0x2ab07a, where = 0x10b, arg0 = 0x20, arg1 = 0x6e},
 {stamp = 0x2ab0c8, where = 0x103, arg0 = 0x20, arg1 = 0x11a},
 {stamp = 0x2abd04, where = 0x100, arg0 = 0x810, arg1 = 0x3a},
 {stamp = 0x2abdf9, where = 0x10f, arg0 = 0x20, arg1 = 0x11},
 {stamp = 0x2abeb3, where = 0x10b, arg0 = 0x20, arg1 = 0x6d},
 {stamp = 0x2abf02, where = 0x103, arg0 = 0x20, arg1 = 0x11a},
 {stamp = 0x2abf21, where = 0x200, arg0 = 0x10, arg1 = 0x0},
 {stamp = 0x2abfa3, where = 0x201, arg0 = 0x4, arg1 = 0x4},
 {stamp = 0x2ac01d, where = 0x10f, arg0 = 0x16, arg1 = 0x11},
 {stamp = 0x2ac07f, where = 0x10b, arg0 = 0x16, arg1 = 0x2e},
 {stamp = 0x2ac0ce, where = 0x103, arg0 = 0x16, arg1 = 0xc2},
 {stamp = 0x2ac0e4, where = 0x10c, arg0 = 0x0, arg1 = 0x7f},
 {stamp = 0x2ac155, where = 0x10f, arg0 = 0x15, arg1 = 0x1c},
 {stamp = 0x2ac1b8, where = 0x10b, arg0 = 0x15, arg1 = 0x2f},
 {stamp = 0x2ac206, where = 0x103, arg0 = 0x15, arg1 = 0xcc},
 {stamp = 0x2ac270, where = 0x10a, arg0 = 0x1f, arg1 = 0x40},
 {stamp = 0x2ac3e3, where = 0x10e, arg0 = 0x0, arg1 = 0x0},
 {stamp = 0x2ac46b, where = 0x10f, arg0 = 0x15, arg1 = 0x1c},
 {stamp = 0x2ac4ce, where = 0x10b, arg0 = 0x15, arg1 = 0x2f},
 {stamp = 0x2ac51c, where = 0x103, arg0 = 0x15, arg1 = 0xcd},
 {stamp = 0x2ac584, where = 0x10a, arg0 = 0xffff, arg1 = 0xffff},
 {stamp = 0x2ac5e3, where = 0x10f, arg0 = 0x20, arg1 = 0x11},
 {stamp = 0x2ac68e, where = 0x10f, arg0 = 0x32, arg1 = 0x5d},
 {stamp = 0x2ac883, where = 0x10f, arg0 = 0x20, arg1 = 0x11},
 {stamp = 0x2ac93e, where = 0x10b, arg0 = 0x20, arg1 = 0x6e},
 {stamp = 0x2ac98c, where = 0x103, arg0 = 0x20, arg1 = 0x11a},
 {stamp = 0x2ac9ab, where = 0x200, arg0 = 0x0, arg1 = 0x10},
 {stamp = 0x2acb11, where = 0x10f, arg0 = 0x20, arg1 = 0x11},
 {stamp = 0x2acbcb, where = 0x10b, arg0 = 0x20, arg1 = 0x6d},
 {stamp = 0x2acc1a, where = 0x103, arg0 = 0x20, arg1 = 0x11a},
 {stamp = 0x2accb1, where = 0x100, arg0 = 0x800, arg1 = 0x43c},
 {stamp = 0x2acda6, where = 0x10f, arg0 = 0x20, arg1 = 0x11},
 {stamp = 0x2ace61, where = 0x10b, arg0 = 0x20, arg1 = 0x6e},
 {stamp = 0x2aceaf, where = 0x103, arg0 = 0x20, arg1 = 0x119},
 {stamp = 0x2acece, where = 0x200, arg0 = 0x0, arg1 = 0x400},
 {stamp = 0x2ad02f, where = 0x10f, arg0 = 0x20, arg1 = 0x11},
 {stamp = 0x2ad0ea, where = 0x10b, arg0 = 0x20, arg1 = 0x6e},
 {stamp = 0x2ad138, where = 0x103, arg0 = 0x20, arg1 = 0x11a},
 {stamp = 0x2ad1d0, where = 0x100, arg0 = 0x800, arg1 = 0x43c},
 {stamp = 0x2ad2c5, where = 0x10f, arg0 = 0x20, arg1 = 0x11},
 {stamp = 0x2ad380, where = 0x10b, arg0 = 0x20, arg1 = 0x6e},
 {stamp = 0x2ad3ce, where = 0x103, arg0 = 0x20, arg1 = 0x11a},
 {stamp = 0x2ad3ed, where = 0x200, arg0 = 0x0, arg1 = 0x400},
 {stamp = 0x2ad54e, where = 0x10f, arg0 = 0x20, arg1 = 0x11},
 {stamp = 0x2ad609, where = 0x10b, arg0 = 0x20, arg1 = 0x6e},
 {stamp = 0x2ad657, where = 0x103, arg0 = 0x20, arg1 = 0x11a},
 {stamp = 0x2ad6ac, where = 0x201, arg0 = 0xa, arg1 = 0x5},
 {stamp = 0x2ad744, where = 0x10f, arg0 = 0x34, arg1 = 0x1c},
 {stamp = 0x2ad7c3, where = 0x101, arg0 = 0x8, arg1 = 0x3},
 {stamp = 0x2ad822, where = 0x10f, arg0 = 0x20, arg1 = 0x11},
 {stamp = 0x2ad894, where = 0x10f, arg0 = 0x15, arg1 = 0x1c},
 {stamp = 0x2ad8f7, where = 0x10b, arg0 = 0x15, arg1 = 0x2f},
 {stamp = 0x2ad945, where = 0x103, arg0 = 0x15, arg1 = 0xcc},
 {stamp = 0x2ad9af, where = 0x10a, arg0 = 0x0, arg1 = 0x40},
 {stamp = 0x2adc67, where = 0x115, arg0 = 0x0, arg1 = 0x0},
 {stamp = 0x2adcf4, where = 0x10f, arg0 = 0x31, arg1 = 0x3c},
 {stamp = 0x2b0448, where = 0x100, arg0 = 0x702, arg1 = 0x3c},
 {stamp = 0x2b053d, where = 0x10f, arg0 = 0x20, arg1 = 0x11},
 {stamp = 0x2b05df, where = 0x10b, arg0 = 0x20, arg1 = 0x6e},
 {stamp = 0x2b062d, where = 0x103, arg0 = 0x20, arg1 = 0x101},
 {stamp = 0x2b064c, where = 0x200, arg0 = 0x2, arg1 = 0x10},
 {stamp = 0x2b06d1, where = 0x201, arg0 = 0xd, arg1 = 0x7},
 {stamp = 0x2b0756, where = 0x10f, arg0 = 0x15, arg1 = 0x1c},
 {stamp = 0x2b07b9, where = 0x10b, arg0 = 0x15, arg1 = 0x2f},
 {stamp = 0x2b0807, where = 0x103, arg0 = 0x15, arg1 = 0xcd},
 {stamp = 0x2b0871, where = 0x10a, arg0 = 0x0, arg1 = 0x38},
 {stamp = 0x2b0ad6, where = 0x115, arg0 = 0x0, arg1 = 0x0},
 {stamp = 0x2b0b03, where = 0x200, arg0 = 0x0, arg1 = 0x10},
 {stamp = 0x2b0c65, where = 0x10f, arg0 = 0x20, arg1 = 0x11},
 {stamp = 0x2b0d07, where = 0x10b, arg0 = 0x20, arg1 = 0x6d},
 {stamp = 0x2b0d55, where = 0x103, arg0 = 0x20, arg1 = 0x101},
 {stamp = 0x2b260a, where = 0x100, arg0 = 0x702, arg1 = 0x3c}}
{{stamp = 0x2b26ff, where = 0x10f, arg0 = 0x20, arg1 = 0x11},
 {stamp = 0x2b27a1, where = 0x10b, arg0 = 0x20, arg1 = 0x6e},
 {stamp = 0x2b27ef, where = 0x103, arg0 = 0x20, arg1 = 0x101},
 {stamp = 0x2b280e, where = 0x200, arg0 = 0x2, arg1 = 0x0},
 {stamp = 0x2b2893, where = 0x201, arg0 = 0xd, arg1 = 0x7},
 {stamp = 0x2b2918, where = 0x10f, arg0 = 0x15, arg1 = 0x1c},
 {stamp = 0x2b297b, where = 0x10b, arg0 = 0x15, arg1 = 0x2f},
 {stamp = 0x2b29c9, where = 0x103, arg0 = 0x15, arg1 = 0xcc},
 {stamp = 0x2b2a33, where = 0x10a, arg0 = 0x0, arg1 = 0x36},
 {stamp = 0x2b2aac, where = 0x115, arg0 = 0x0, arg1 = 0x0},
 {stamp = 0x2b2bb2, where = 0x10f, arg0 = 0x20, arg1 = 0x11},
 {stamp = 0x2b2c54, where = 0x10b, arg0 = 0x20, arg1 = 0x6e},
 {stamp = 0x2b2ca2, where = 0x103, arg0 = 0x20, arg1 = 0x101},
